This is pdfTeX, Version 3.1415926-2.5-1.40.14 (TeX Live 2013/Debian) (format=pdflatex 2016.1.29)  2 MAY 2016 11:25
entering extended mode
 restricted \write18 enabled.
 %&-line parsing enabled.
**refman
(./refman.tex
LaTeX2e <2011/06/27>
Babel <3.9h> and hyphenation patterns for 78 languages loaded.
(/usr/share/texlive/texmf-dist/tex/latex/base/book.cls
Document Class: book 2007/10/19 v1.4h Standard LaTeX document class
(/usr/share/texlive/texmf-dist/tex/latex/base/bk10.clo
File: bk10.clo 2007/10/19 v1.4h Standard LaTeX file (size option)
)
\c@part=\count79
\c@chapter=\count80
\c@section=\count81
\c@subsection=\count82
\c@subsubsection=\count83
\c@paragraph=\count84
\c@subparagraph=\count85
\c@figure=\count86
\c@table=\count87
\abovecaptionskip=\skip41
\belowcaptionskip=\skip42
\bibindent=\dimen102
)
(/usr/share/texlive/texmf-dist/tex/latex/tools/calc.sty
Package: calc 2007/08/22 v4.3 Infix arithmetic (KKT,FJ)
\calc@Acount=\count88
\calc@Bcount=\count89
\calc@Adimen=\dimen103
\calc@Bdimen=\dimen104
\calc@Askip=\skip43
\calc@Bskip=\skip44
LaTeX Info: Redefining \setlength on input line 76.
LaTeX Info: Redefining \addtolength on input line 77.
\calc@Ccount=\count90
\calc@Cskip=\skip45
) (./doxygen.sty
Package: doxygen 

(/usr/share/texlive/texmf-dist/tex/latex/base/alltt.sty
Package: alltt 1997/06/16 v2.0g defines alltt environment
)
(/usr/share/texlive/texmf-dist/tex/latex/tools/array.sty
Package: array 2008/09/09 v2.4c Tabular extension package (FMi)
\col@sep=\dimen105
\extrarowheight=\dimen106
\NC@list=\toks14
\extratabsurround=\skip46
\backup@length=\skip47
)
(/usr/share/texlive/texmf-dist/tex/latex/float/float.sty
Package: float 2001/11/08 v1.3d Float enhancements (AL)
\c@float@type=\count91
\float@exts=\toks15
\float@box=\box26
\@float@everytoks=\toks16
\@floatcapt=\box27
)
(/usr/share/texlive/texmf-dist/tex/latex/base/ifthen.sty
Package: ifthen 2001/05/26 v1.1c Standard LaTeX ifthen package (DPC)
)
(/usr/share/texlive/texmf-dist/tex/latex/tools/verbatim.sty
Package: verbatim 2003/08/22 v1.5q LaTeX2e package for verbatim enhancements
\every@verbatim=\toks17
\verbatim@line=\toks18
\verbatim@in@stream=\read1
)
(/usr/share/texmf/tex/latex/xcolor/xcolor.sty
Package: xcolor 2007/01/21 v2.11 LaTeX color extensions (UK)

(/usr/share/texlive/texmf-dist/tex/latex/latexconfig/color.cfg
File: color.cfg 2007/01/18 v1.5 color configuration of teTeX/TeXLive
)
Package xcolor Info: Driver file: pdftex.def on input line 225.

(/usr/share/texlive/texmf-dist/tex/latex/pdftex-def/pdftex.def
File: pdftex.def 2011/05/27 v0.06d Graphics/color for pdfTeX

(/usr/share/texlive/texmf-dist/tex/generic/oberdiek/infwarerr.sty
Package: infwarerr 2010/04/08 v1.3 Providing info/warning/error messages (HO)
)
(/usr/share/texlive/texmf-dist/tex/generic/oberdiek/ltxcmds.sty
Package: ltxcmds 2011/11/09 v1.22 LaTeX kernel commands for general use (HO)
)
\Gread@gobject=\count92
)
(/usr/share/texlive/texmf-dist/tex/latex/colortbl/colortbl.sty
Package: colortbl 2012/02/13 v1.0a Color table columns (DPC)
\everycr=\toks19
\minrowclearance=\skip48
)
\rownum=\count93
Package xcolor Info: Model `cmy' substituted by `cmy0' on input line 1337.
Package xcolor Info: Model `hsb' substituted by `rgb' on input line 1341.
Package xcolor Info: Model `RGB' extended on input line 1353.
Package xcolor Info: Model `HTML' substituted by `rgb' on input line 1355.
Package xcolor Info: Model `Hsb' substituted by `hsb' on input line 1356.
Package xcolor Info: Model `tHsb' substituted by `hsb' on input line 1357.
Package xcolor Info: Model `HSB' substituted by `hsb' on input line 1358.
Package xcolor Info: Model `Gray' substituted by `gray' on input line 1359.
Package xcolor Info: Model `wave' substituted by `hsb' on input line 1360.
)
(/usr/share/texlive/texmf-dist/tex/latex/xtab/xtab.sty
Package: xtab 2011/07/31 v2.3f Extended supertabular package
\c@tracingst=\count94
\PWSTcapht=\dimen107
\ST@wd=\dimen108
\ST@rightskip=\skip49
\ST@leftskip=\skip50
\ST@parfillskip=\skip51
\c@PWSTtable=\count95
\PWSTlastpage=\count96
\PWSTpenultimate=\count97
\PWSTcurpage=\count98
\PWSTtempc=\count99
\PWSTlines=\count100
\PWST@lastht=\dimen109
\PWST@generalht=\dimen110
\PWST@ht=\dimen111
\ST@pageleft=\dimen112
\ST@headht=\dimen113
\ST@tailht=\dimen114
\ST@pagesofar=\dimen115
\ST@pboxht=\dimen116
\ST@lineht=\dimen117
\ST@stretchht=\dimen118
\ST@prevht=\dimen119
\ST@toadd=\dimen120
\ST@dimen=\dimen121
\ST@pbox=\box28
)
\xrefbox=\box29
\xreflength=\skip52
\tmplength=\skip53
)
(/usr/share/texlive/texmf-dist/tex/latex/graphics/graphicx.sty
Package: graphicx 1999/02/16 v1.0f Enhanced LaTeX Graphics (DPC,SPQR)

(/usr/share/texlive/texmf-dist/tex/latex/graphics/keyval.sty
Package: keyval 1999/03/16 v1.13 key=value parser (DPC)
\KV@toks@=\toks20
)
(/usr/share/texlive/texmf-dist/tex/latex/graphics/graphics.sty
Package: graphics 2009/02/05 v1.0o Standard LaTeX Graphics (DPC,SPQR)

(/usr/share/texlive/texmf-dist/tex/latex/graphics/trig.sty
Package: trig 1999/03/16 v1.09 sin cos tan (DPC)
)
(/usr/share/texlive/texmf-dist/tex/latex/latexconfig/graphics.cfg
File: graphics.cfg 2010/04/23 v1.9 graphics configuration of TeX Live
)
Package graphics Info: Driver file: pdftex.def on input line 91.
)
\Gin@req@height=\dimen122
\Gin@req@width=\dimen123
)
(/usr/share/texlive/texmf-dist/tex/latex/base/inputenc.sty
Package: inputenc 2008/03/30 v1.1d Input encoding file
\inpenc@prehook=\toks21
\inpenc@posthook=\toks22

(/usr/share/texlive/texmf-dist/tex/latex/base/utf8.def
File: utf8.def 2008/04/05 v1.1m UTF-8 support for inputenc
Now handling font encoding OML ...
... no UTF-8 mapping file for font encoding OML
Now handling font encoding T1 ...
... processing UTF-8 mapping file for font encoding T1

(/usr/share/texlive/texmf-dist/tex/latex/base/t1enc.dfu
File: t1enc.dfu 2008/04/05 v1.1m UTF-8 support for inputenc
   defining Unicode char U+00A1 (decimal 161)
   defining Unicode char U+00A3 (decimal 163)
   defining Unicode char U+00AB (decimal 171)
   defining Unicode char U+00BB (decimal 187)
   defining Unicode char U+00BF (decimal 191)
   defining Unicode char U+00C0 (decimal 192)
   defining Unicode char U+00C1 (decimal 193)
   defining Unicode char U+00C2 (decimal 194)
   defining Unicode char U+00C3 (decimal 195)
   defining Unicode char U+00C4 (decimal 196)
   defining Unicode char U+00C5 (decimal 197)
   defining Unicode char U+00C6 (decimal 198)
   defining Unicode char U+00C7 (decimal 199)
   defining Unicode char U+00C8 (decimal 200)
   defining Unicode char U+00C9 (decimal 201)
   defining Unicode char U+00CA (decimal 202)
   defining Unicode char U+00CB (decimal 203)
   defining Unicode char U+00CC (decimal 204)
   defining Unicode char U+00CD (decimal 205)
   defining Unicode char U+00CE (decimal 206)
   defining Unicode char U+00CF (decimal 207)
   defining Unicode char U+00D0 (decimal 208)
   defining Unicode char U+00D1 (decimal 209)
   defining Unicode char U+00D2 (decimal 210)
   defining Unicode char U+00D3 (decimal 211)
   defining Unicode char U+00D4 (decimal 212)
   defining Unicode char U+00D5 (decimal 213)
   defining Unicode char U+00D6 (decimal 214)
   defining Unicode char U+00D8 (decimal 216)
   defining Unicode char U+00D9 (decimal 217)
   defining Unicode char U+00DA (decimal 218)
   defining Unicode char U+00DB (decimal 219)
   defining Unicode char U+00DC (decimal 220)
   defining Unicode char U+00DD (decimal 221)
   defining Unicode char U+00DE (decimal 222)
   defining Unicode char U+00DF (decimal 223)
   defining Unicode char U+00E0 (decimal 224)
   defining Unicode char U+00E1 (decimal 225)
   defining Unicode char U+00E2 (decimal 226)
   defining Unicode char U+00E3 (decimal 227)
   defining Unicode char U+00E4 (decimal 228)
   defining Unicode char U+00E5 (decimal 229)
   defining Unicode char U+00E6 (decimal 230)
   defining Unicode char U+00E7 (decimal 231)
   defining Unicode char U+00E8 (decimal 232)
   defining Unicode char U+00E9 (decimal 233)
   defining Unicode char U+00EA (decimal 234)
   defining Unicode char U+00EB (decimal 235)
   defining Unicode char U+00EC (decimal 236)
   defining Unicode char U+00ED (decimal 237)
   defining Unicode char U+00EE (decimal 238)
   defining Unicode char U+00EF (decimal 239)
   defining Unicode char U+00F0 (decimal 240)
   defining Unicode char U+00F1 (decimal 241)
   defining Unicode char U+00F2 (decimal 242)
   defining Unicode char U+00F3 (decimal 243)
   defining Unicode char U+00F4 (decimal 244)
   defining Unicode char U+00F5 (decimal 245)
   defining Unicode char U+00F6 (decimal 246)
   defining Unicode char U+00F8 (decimal 248)
   defining Unicode char U+00F9 (decimal 249)
   defining Unicode char U+00FA (decimal 250)
   defining Unicode char U+00FB (decimal 251)
   defining Unicode char U+00FC (decimal 252)
   defining Unicode char U+00FD (decimal 253)
   defining Unicode char U+00FE (decimal 254)
   defining Unicode char U+00FF (decimal 255)
   defining Unicode char U+0102 (decimal 258)
   defining Unicode char U+0103 (decimal 259)
   defining Unicode char U+0104 (decimal 260)
   defining Unicode char U+0105 (decimal 261)
   defining Unicode char U+0106 (decimal 262)
   defining Unicode char U+0107 (decimal 263)
   defining Unicode char U+010C (decimal 268)
   defining Unicode char U+010D (decimal 269)
   defining Unicode char U+010E (decimal 270)
   defining Unicode char U+010F (decimal 271)
   defining Unicode char U+0110 (decimal 272)
   defining Unicode char U+0111 (decimal 273)
   defining Unicode char U+0118 (decimal 280)
   defining Unicode char U+0119 (decimal 281)
   defining Unicode char U+011A (decimal 282)
   defining Unicode char U+011B (decimal 283)
   defining Unicode char U+011E (decimal 286)
   defining Unicode char U+011F (decimal 287)
   defining Unicode char U+0130 (decimal 304)
   defining Unicode char U+0131 (decimal 305)
   defining Unicode char U+0132 (decimal 306)
   defining Unicode char U+0133 (decimal 307)
   defining Unicode char U+0139 (decimal 313)
   defining Unicode char U+013A (decimal 314)
   defining Unicode char U+013D (decimal 317)
   defining Unicode char U+013E (decimal 318)
   defining Unicode char U+0141 (decimal 321)
   defining Unicode char U+0142 (decimal 322)
   defining Unicode char U+0143 (decimal 323)
   defining Unicode char U+0144 (decimal 324)
   defining Unicode char U+0147 (decimal 327)
   defining Unicode char U+0148 (decimal 328)
   defining Unicode char U+014A (decimal 330)
   defining Unicode char U+014B (decimal 331)
   defining Unicode char U+0150 (decimal 336)
   defining Unicode char U+0151 (decimal 337)
   defining Unicode char U+0152 (decimal 338)
   defining Unicode char U+0153 (decimal 339)
   defining Unicode char U+0154 (decimal 340)
   defining Unicode char U+0155 (decimal 341)
   defining Unicode char U+0158 (decimal 344)
   defining Unicode char U+0159 (decimal 345)
   defining Unicode char U+015A (decimal 346)
   defining Unicode char U+015B (decimal 347)
   defining Unicode char U+015E (decimal 350)
   defining Unicode char U+015F (decimal 351)
   defining Unicode char U+0160 (decimal 352)
   defining Unicode char U+0161 (decimal 353)
   defining Unicode char U+0162 (decimal 354)
   defining Unicode char U+0163 (decimal 355)
   defining Unicode char U+0164 (decimal 356)
   defining Unicode char U+0165 (decimal 357)
   defining Unicode char U+016E (decimal 366)
   defining Unicode char U+016F (decimal 367)
   defining Unicode char U+0170 (decimal 368)
   defining Unicode char U+0171 (decimal 369)
   defining Unicode char U+0178 (decimal 376)
   defining Unicode char U+0179 (decimal 377)
   defining Unicode char U+017A (decimal 378)
   defining Unicode char U+017B (decimal 379)
   defining Unicode char U+017C (decimal 380)
   defining Unicode char U+017D (decimal 381)
   defining Unicode char U+017E (decimal 382)
   defining Unicode char U+200C (decimal 8204)
   defining Unicode char U+2013 (decimal 8211)
   defining Unicode char U+2014 (decimal 8212)
   defining Unicode char U+2018 (decimal 8216)
   defining Unicode char U+2019 (decimal 8217)
   defining Unicode char U+201A (decimal 8218)
   defining Unicode char U+201C (decimal 8220)
   defining Unicode char U+201D (decimal 8221)
   defining Unicode char U+201E (decimal 8222)
   defining Unicode char U+2030 (decimal 8240)
   defining Unicode char U+2031 (decimal 8241)
   defining Unicode char U+2039 (decimal 8249)
   defining Unicode char U+203A (decimal 8250)
   defining Unicode char U+2423 (decimal 9251)
)
Now handling font encoding OT1 ...
... processing UTF-8 mapping file for font encoding OT1

(/usr/share/texlive/texmf-dist/tex/latex/base/ot1enc.dfu
File: ot1enc.dfu 2008/04/05 v1.1m UTF-8 support for inputenc
   defining Unicode char U+00A1 (decimal 161)
   defining Unicode char U+00A3 (decimal 163)
   defining Unicode char U+00B8 (decimal 184)
   defining Unicode char U+00BF (decimal 191)
   defining Unicode char U+00C5 (decimal 197)
   defining Unicode char U+00C6 (decimal 198)
   defining Unicode char U+00D8 (decimal 216)
   defining Unicode char U+00DF (decimal 223)
   defining Unicode char U+00E6 (decimal 230)
   defining Unicode char U+00EC (decimal 236)
   defining Unicode char U+00ED (decimal 237)
   defining Unicode char U+00EE (decimal 238)
   defining Unicode char U+00EF (decimal 239)
   defining Unicode char U+00F8 (decimal 248)
   defining Unicode char U+0131 (decimal 305)
   defining Unicode char U+0141 (decimal 321)
   defining Unicode char U+0142 (decimal 322)
   defining Unicode char U+0152 (decimal 338)
   defining Unicode char U+0153 (decimal 339)
   defining Unicode char U+2013 (decimal 8211)
   defining Unicode char U+2014 (decimal 8212)
   defining Unicode char U+2018 (decimal 8216)
   defining Unicode char U+2019 (decimal 8217)
   defining Unicode char U+201C (decimal 8220)
   defining Unicode char U+201D (decimal 8221)
)
Now handling font encoding OMS ...
... processing UTF-8 mapping file for font encoding OMS

(/usr/share/texlive/texmf-dist/tex/latex/base/omsenc.dfu
File: omsenc.dfu 2008/04/05 v1.1m UTF-8 support for inputenc
   defining Unicode char U+00A7 (decimal 167)
   defining Unicode char U+00B6 (decimal 182)
   defining Unicode char U+00B7 (decimal 183)
   defining Unicode char U+2020 (decimal 8224)
   defining Unicode char U+2021 (decimal 8225)
   defining Unicode char U+2022 (decimal 8226)
)
Now handling font encoding OMX ...
... no UTF-8 mapping file for font encoding OMX
Now handling font encoding U ...
... no UTF-8 mapping file for font encoding U
   defining Unicode char U+00A9 (decimal 169)
   defining Unicode char U+00AA (decimal 170)
   defining Unicode char U+00AE (decimal 174)
   defining Unicode char U+00BA (decimal 186)
   defining Unicode char U+02C6 (decimal 710)
   defining Unicode char U+02DC (decimal 732)
   defining Unicode char U+200C (decimal 8204)
   defining Unicode char U+2026 (decimal 8230)
   defining Unicode char U+2122 (decimal 8482)
   defining Unicode char U+2423 (decimal 9251)
))
(/usr/share/texlive/texmf-dist/tex/latex/base/makeidx.sty
Package: makeidx 2000/03/29 v1.0m Standard LaTeX package
)
(/usr/share/texlive/texmf-dist/tex/latex/tools/multicol.sty
Package: multicol 2011/06/27 v1.7a multicolumn formatting (FMi)
\c@tracingmulticols=\count101
\mult@box=\box30
\multicol@leftmargin=\dimen124
\c@unbalance=\count102
\c@collectmore=\count103
\doublecol@number=\count104
\multicoltolerance=\count105
\multicolpretolerance=\count106
\full@width=\dimen125
\page@free=\dimen126
\premulticols=\dimen127
\postmulticols=\dimen128
\multicolsep=\skip54
\multicolbaselineskip=\skip55
\partial@page=\box31
\last@line=\box32
\mult@rightbox=\box33
\mult@grightbox=\box34
\mult@gfirstbox=\box35
\mult@firstbox=\box36
\@tempa=\box37
\@tempa=\box38
\@tempa=\box39
\@tempa=\box40
\@tempa=\box41
\@tempa=\box42
\@tempa=\box43
\@tempa=\box44
\@tempa=\box45
\@tempa=\box46
\@tempa=\box47
\@tempa=\box48
\@tempa=\box49
\@tempa=\box50
\@tempa=\box51
\@tempa=\box52
\@tempa=\box53
\c@columnbadness=\count107
\c@finalcolumnbadness=\count108
\last@try=\dimen129
\multicolovershoot=\dimen130
\multicolundershoot=\dimen131
\mult@nat@firstbox=\box54
\colbreak@box=\box55
\multicol@sort@counter=\count109
)
(/usr/share/texlive/texmf-dist/tex/latex/multirow/multirow.sty
\bigstrutjot=\dimen132
)
(/usr/share/texlive/texmf-dist/tex/latex/base/textcomp.sty
Package: textcomp 2005/09/27 v1.99g Standard LaTeX package
Package textcomp Info: Sub-encoding information:
(textcomp)               5 = only ISO-Adobe without \textcurrency
(textcomp)               4 = 5 + \texteuro
(textcomp)               3 = 4 + \textohm
(textcomp)               2 = 3 + \textestimated + \textcurrency
(textcomp)               1 = TS1 - \textcircled - \t
(textcomp)               0 = TS1 (full)
(textcomp)             Font families with sub-encoding setting implement
(textcomp)             only a restricted character set as indicated.
(textcomp)             Family '?' is the default used for unknown fonts.
(textcomp)             See the documentation for details.
Package textcomp Info: Setting ? sub-encoding to TS1/1 on input line 71.

(/usr/share/texlive/texmf-dist/tex/latex/base/ts1enc.def
File: ts1enc.def 2001/06/05 v3.0e (jk/car/fm) Standard LaTeX file
Now handling font encoding TS1 ...
... processing UTF-8 mapping file for font encoding TS1

(/usr/share/texlive/texmf-dist/tex/latex/base/ts1enc.dfu
File: ts1enc.dfu 2008/04/05 v1.1m UTF-8 support for inputenc
   defining Unicode char U+00A2 (decimal 162)
   defining Unicode char U+00A3 (decimal 163)
   defining Unicode char U+00A4 (decimal 164)
   defining Unicode char U+00A5 (decimal 165)
   defining Unicode char U+00A6 (decimal 166)
   defining Unicode char U+00A7 (decimal 167)
   defining Unicode char U+00A8 (decimal 168)
   defining Unicode char U+00A9 (decimal 169)
   defining Unicode char U+00AA (decimal 170)
   defining Unicode char U+00AC (decimal 172)
   defining Unicode char U+00AE (decimal 174)
   defining Unicode char U+00AF (decimal 175)
   defining Unicode char U+00B0 (decimal 176)
   defining Unicode char U+00B1 (decimal 177)
   defining Unicode char U+00B2 (decimal 178)
   defining Unicode char U+00B3 (decimal 179)
   defining Unicode char U+00B4 (decimal 180)
   defining Unicode char U+00B5 (decimal 181)
   defining Unicode char U+00B6 (decimal 182)
   defining Unicode char U+00B7 (decimal 183)
   defining Unicode char U+00B9 (decimal 185)
   defining Unicode char U+00BA (decimal 186)
   defining Unicode char U+00BC (decimal 188)
   defining Unicode char U+00BD (decimal 189)
   defining Unicode char U+00BE (decimal 190)
   defining Unicode char U+00D7 (decimal 215)
   defining Unicode char U+00F7 (decimal 247)
   defining Unicode char U+0192 (decimal 402)
   defining Unicode char U+02C7 (decimal 711)
   defining Unicode char U+02D8 (decimal 728)
   defining Unicode char U+02DD (decimal 733)
   defining Unicode char U+0E3F (decimal 3647)
   defining Unicode char U+2016 (decimal 8214)
   defining Unicode char U+2020 (decimal 8224)
   defining Unicode char U+2021 (decimal 8225)
   defining Unicode char U+2022 (decimal 8226)
   defining Unicode char U+2030 (decimal 8240)
   defining Unicode char U+2031 (decimal 8241)
   defining Unicode char U+203B (decimal 8251)
   defining Unicode char U+203D (decimal 8253)
   defining Unicode char U+2044 (decimal 8260)
   defining Unicode char U+204E (decimal 8270)
   defining Unicode char U+2052 (decimal 8274)
   defining Unicode char U+20A1 (decimal 8353)
   defining Unicode char U+20A4 (decimal 8356)
   defining Unicode char U+20A6 (decimal 8358)
   defining Unicode char U+20A9 (decimal 8361)
   defining Unicode char U+20AB (decimal 8363)
   defining Unicode char U+20AC (decimal 8364)
   defining Unicode char U+20B1 (decimal 8369)
   defining Unicode char U+2103 (decimal 8451)
   defining Unicode char U+2116 (decimal 8470)
   defining Unicode char U+2117 (decimal 8471)
   defining Unicode char U+211E (decimal 8478)
   defining Unicode char U+2120 (decimal 8480)
   defining Unicode char U+2122 (decimal 8482)
   defining Unicode char U+2126 (decimal 8486)
   defining Unicode char U+2127 (decimal 8487)
   defining Unicode char U+212E (decimal 8494)
   defining Unicode char U+2190 (decimal 8592)
   defining Unicode char U+2191 (decimal 8593)
   defining Unicode char U+2192 (decimal 8594)
   defining Unicode char U+2193 (decimal 8595)
   defining Unicode char U+2329 (decimal 9001)
   defining Unicode char U+232A (decimal 9002)
   defining Unicode char U+2422 (decimal 9250)
   defining Unicode char U+25E6 (decimal 9702)
   defining Unicode char U+25EF (decimal 9711)
   defining Unicode char U+266A (decimal 9834)
))
LaTeX Info: Redefining \oldstylenums on input line 266.
Package textcomp Info: Setting cmr sub-encoding to TS1/0 on input line 281.
Package textcomp Info: Setting cmss sub-encoding to TS1/0 on input line 282.
Package textcomp Info: Setting cmtt sub-encoding to TS1/0 on input line 283.
Package textcomp Info: Setting cmvtt sub-encoding to TS1/0 on input line 284.
Package textcomp Info: Setting cmbr sub-encoding to TS1/0 on input line 285.
Package textcomp Info: Setting cmtl sub-encoding to TS1/0 on input line 286.
Package textcomp Info: Setting ccr sub-encoding to TS1/0 on input line 287.
Package textcomp Info: Setting ptm sub-encoding to TS1/4 on input line 288.
Package textcomp Info: Setting pcr sub-encoding to TS1/4 on input line 289.
Package textcomp Info: Setting phv sub-encoding to TS1/4 on input line 290.
Package textcomp Info: Setting ppl sub-encoding to TS1/3 on input line 291.
Package textcomp Info: Setting pag sub-encoding to TS1/4 on input line 292.
Package textcomp Info: Setting pbk sub-encoding to TS1/4 on input line 293.
Package textcomp Info: Setting pnc sub-encoding to TS1/4 on input line 294.
Package textcomp Info: Setting pzc sub-encoding to TS1/4 on input line 295.
Package textcomp Info: Setting bch sub-encoding to TS1/4 on input line 296.
Package textcomp Info: Setting put sub-encoding to TS1/5 on input line 297.
Package textcomp Info: Setting uag sub-encoding to TS1/5 on input line 298.
Package textcomp Info: Setting ugq sub-encoding to TS1/5 on input line 299.
Package textcomp Info: Setting ul8 sub-encoding to TS1/4 on input line 300.
Package textcomp Info: Setting ul9 sub-encoding to TS1/4 on input line 301.
Package textcomp Info: Setting augie sub-encoding to TS1/5 on input line 302.
Package textcomp Info: Setting dayrom sub-encoding to TS1/3 on input line 303.
Package textcomp Info: Setting dayroms sub-encoding to TS1/3 on input line 304.

Package textcomp Info: Setting pxr sub-encoding to TS1/0 on input line 305.
Package textcomp Info: Setting pxss sub-encoding to TS1/0 on input line 306.
Package textcomp Info: Setting pxtt sub-encoding to TS1/0 on input line 307.
Package textcomp Info: Setting txr sub-encoding to TS1/0 on input line 308.
Package textcomp Info: Setting txss sub-encoding to TS1/0 on input line 309.
Package textcomp Info: Setting txtt sub-encoding to TS1/0 on input line 310.
Package textcomp Info: Setting lmr sub-encoding to TS1/0 on input line 311.
Package textcomp Info: Setting lmdh sub-encoding to TS1/0 on input line 312.
Package textcomp Info: Setting lmss sub-encoding to TS1/0 on input line 313.
Package textcomp Info: Setting lmssq sub-encoding to TS1/0 on input line 314.
Package textcomp Info: Setting lmvtt sub-encoding to TS1/0 on input line 315.
Package textcomp Info: Setting qhv sub-encoding to TS1/0 on input line 316.
Package textcomp Info: Setting qag sub-encoding to TS1/0 on input line 317.
Package textcomp Info: Setting qbk sub-encoding to TS1/0 on input line 318.
Package textcomp Info: Setting qcr sub-encoding to TS1/0 on input line 319.
Package textcomp Info: Setting qcs sub-encoding to TS1/0 on input line 320.
Package textcomp Info: Setting qpl sub-encoding to TS1/0 on input line 321.
Package textcomp Info: Setting qtm sub-encoding to TS1/0 on input line 322.
Package textcomp Info: Setting qzc sub-encoding to TS1/0 on input line 323.
Package textcomp Info: Setting qhvc sub-encoding to TS1/0 on input line 324.
Package textcomp Info: Setting futs sub-encoding to TS1/4 on input line 325.
Package textcomp Info: Setting futx sub-encoding to TS1/4 on input line 326.
Package textcomp Info: Setting futj sub-encoding to TS1/4 on input line 327.
Package textcomp Info: Setting hlh sub-encoding to TS1/3 on input line 328.
Package textcomp Info: Setting hls sub-encoding to TS1/3 on input line 329.
Package textcomp Info: Setting hlst sub-encoding to TS1/3 on input line 330.
Package textcomp Info: Setting hlct sub-encoding to TS1/5 on input line 331.
Package textcomp Info: Setting hlx sub-encoding to TS1/5 on input line 332.
Package textcomp Info: Setting hlce sub-encoding to TS1/5 on input line 333.
Package textcomp Info: Setting hlcn sub-encoding to TS1/5 on input line 334.
Package textcomp Info: Setting hlcw sub-encoding to TS1/5 on input line 335.
Package textcomp Info: Setting hlcf sub-encoding to TS1/5 on input line 336.
Package textcomp Info: Setting pplx sub-encoding to TS1/3 on input line 337.
Package textcomp Info: Setting pplj sub-encoding to TS1/3 on input line 338.
Package textcomp Info: Setting ptmx sub-encoding to TS1/4 on input line 339.
Package textcomp Info: Setting ptmj sub-encoding to TS1/4 on input line 340.
)
(/usr/share/texlive/texmf-dist/tex/latex/base/fontenc.sty
Package: fontenc 2005/09/27 v1.99g Standard LaTeX package

(/usr/share/texlive/texmf-dist/tex/latex/base/t1enc.def
File: t1enc.def 2005/09/27 v1.99g Standard LaTeX file
LaTeX Font Info:    Redeclaring font encoding T1 on input line 43.
))
(/usr/share/texlive/texmf-dist/tex/latex/psnfss/mathptmx.sty
Package: mathptmx 2005/04/12 PSNFSS-v9.2a Times w/ Math, improved (SPQR, WaS) 
LaTeX Font Info:    Redeclaring symbol font `operators' on input line 28.
LaTeX Font Info:    Overwriting symbol font `operators' in version `normal'
(Font)                  OT1/cmr/m/n --> OT1/ztmcm/m/n on input line 28.
LaTeX Font Info:    Overwriting symbol font `operators' in version `bold'
(Font)                  OT1/cmr/bx/n --> OT1/ztmcm/m/n on input line 28.
LaTeX Font Info:    Redeclaring symbol font `letters' on input line 29.
LaTeX Font Info:    Overwriting symbol font `letters' in version `normal'
(Font)                  OML/cmm/m/it --> OML/ztmcm/m/it on input line 29.
LaTeX Font Info:    Overwriting symbol font `letters' in version `bold'
(Font)                  OML/cmm/b/it --> OML/ztmcm/m/it on input line 29.
LaTeX Font Info:    Redeclaring symbol font `symbols' on input line 30.
LaTeX Font Info:    Overwriting symbol font `symbols' in version `normal'
(Font)                  OMS/cmsy/m/n --> OMS/ztmcm/m/n on input line 30.
LaTeX Font Info:    Overwriting symbol font `symbols' in version `bold'
(Font)                  OMS/cmsy/b/n --> OMS/ztmcm/m/n on input line 30.
LaTeX Font Info:    Redeclaring symbol font `largesymbols' on input line 31.
LaTeX Font Info:    Overwriting symbol font `largesymbols' in version `normal'
(Font)                  OMX/cmex/m/n --> OMX/ztmcm/m/n on input line 31.
LaTeX Font Info:    Overwriting symbol font `largesymbols' in version `bold'
(Font)                  OMX/cmex/m/n --> OMX/ztmcm/m/n on input line 31.
\symbold=\mathgroup4
\symitalic=\mathgroup5
LaTeX Font Info:    Redeclaring math alphabet \mathbf on input line 34.
LaTeX Font Info:    Overwriting math alphabet `\mathbf' in version `normal'
(Font)                  OT1/cmr/bx/n --> OT1/ptm/bx/n on input line 34.
LaTeX Font Info:    Overwriting math alphabet `\mathbf' in version `bold'
(Font)                  OT1/cmr/bx/n --> OT1/ptm/bx/n on input line 34.
LaTeX Font Info:    Redeclaring math alphabet \mathit on input line 35.
LaTeX Font Info:    Overwriting math alphabet `\mathit' in version `normal'
(Font)                  OT1/cmr/m/it --> OT1/ptm/m/it on input line 35.
LaTeX Font Info:    Overwriting math alphabet `\mathit' in version `bold'
(Font)                  OT1/cmr/bx/it --> OT1/ptm/m/it on input line 35.
LaTeX Info: Redefining \hbar on input line 50.
)
(/usr/share/texlive/texmf-dist/tex/latex/psnfss/helvet.sty
Package: helvet 2005/04/12 PSNFSS-v9.2a (WaS) 
)
(/usr/share/texlive/texmf-dist/tex/latex/psnfss/courier.sty
Package: courier 2005/04/12 PSNFSS-v9.2a (WaS) 
)
(/usr/share/texlive/texmf-dist/tex/latex/amsfonts/amssymb.sty
Package: amssymb 2013/01/14 v3.01 AMS font symbols

(/usr/share/texlive/texmf-dist/tex/latex/amsfonts/amsfonts.sty
Package: amsfonts 2013/01/14 v3.01 Basic AMSFonts support
\@emptytoks=\toks23
\symAMSa=\mathgroup6
\symAMSb=\mathgroup7
LaTeX Font Info:    Overwriting math alphabet `\mathfrak' in version `bold'
(Font)                  U/euf/m/n --> U/euf/b/n on input line 106.
))
(/usr/share/texlive/texmf-dist/tex/latex/sectsty/sectsty.sty
Package: sectsty 2002/02/25 v2.0.2 Commands to change all sectional heading sty
les
)
(/usr/share/texlive/texmf-dist/tex/latex/geometry/geometry.sty
Package: geometry 2010/09/12 v5.6 Page Geometry

(/usr/share/texlive/texmf-dist/tex/generic/oberdiek/ifpdf.sty
Package: ifpdf 2011/01/30 v2.3 Provides the ifpdf switch (HO)
Package ifpdf Info: pdfTeX in PDF mode is detected.
)
(/usr/share/texlive/texmf-dist/tex/generic/oberdiek/ifvtex.sty
Package: ifvtex 2010/03/01 v1.5 Detect VTeX and its facilities (HO)
Package ifvtex Info: VTeX not detected.
)
(/usr/share/texlive/texmf-dist/tex/generic/ifxetex/ifxetex.sty
Package: ifxetex 2010/09/12 v0.6 Provides ifxetex conditional
)
\Gm@cnth=\count110
\Gm@cntv=\count111
\c@Gm@tempcnt=\count112
\Gm@bindingoffset=\dimen133
\Gm@wd@mp=\dimen134
\Gm@odd@mp=\dimen135
\Gm@even@mp=\dimen136
\Gm@layoutwidth=\dimen137
\Gm@layoutheight=\dimen138
\Gm@layouthoffset=\dimen139
\Gm@layoutvoffset=\dimen140
\Gm@dimlist=\toks24
)
(/usr/share/texlive/texmf-dist/tex/latex/fancyhdr/fancyhdr.sty
\fancy@headwidth=\skip56
\f@ncyO@elh=\skip57
\f@ncyO@erh=\skip58
\f@ncyO@olh=\skip59
\f@ncyO@orh=\skip60
\f@ncyO@elf=\skip61
\f@ncyO@erf=\skip62
\f@ncyO@olf=\skip63
\f@ncyO@orf=\skip64
)
(/usr/share/texlive/texmf-dist/tex/latex/natbib/natbib.sty
Package: natbib 2010/09/13 8.31b (PWD, AO)
\bibhang=\skip65
\bibsep=\skip66
LaTeX Info: Redefining \cite on input line 694.
\c@NAT@ctr=\count113
)
(/usr/share/texlive/texmf-dist/tex/latex/tocloft/tocloft.sty
Package: tocloft 2013/05/02 v2.3f parameterised ToC, etc., typesetting
Package tocloft Info: The document has chapter divisions on input line 44.
\cftparskip=\skip67
\cftbeforetoctitleskip=\skip68
\cftaftertoctitleskip=\skip69
\cftbeforepartskip=\skip70
\cftpartnumwidth=\skip71
\cftpartindent=\skip72
\cftbeforechapskip=\skip73
\cftchapindent=\skip74
\cftchapnumwidth=\skip75
\cftbeforesecskip=\skip76
\cftsecindent=\skip77
\cftsecnumwidth=\skip78
\cftbeforesubsecskip=\skip79
\cftsubsecindent=\skip80
\cftsubsecnumwidth=\skip81
\cftbeforesubsubsecskip=\skip82
\cftsubsubsecindent=\skip83
\cftsubsubsecnumwidth=\skip84
\cftbeforeparaskip=\skip85
\cftparaindent=\skip86
\cftparanumwidth=\skip87
\cftbeforesubparaskip=\skip88
\cftsubparaindent=\skip89
\cftsubparanumwidth=\skip90
\cftbeforeloftitleskip=\skip91
\cftafterloftitleskip=\skip92
\cftbeforefigskip=\skip93
\cftfigindent=\skip94
\cftfignumwidth=\skip95
\c@lofdepth=\count114
\c@lotdepth=\count115
\cftbeforelottitleskip=\skip96
\cftafterlottitleskip=\skip97
\cftbeforetabskip=\skip98
\cfttabindent=\skip99
\cfttabnumwidth=\skip100
)
\@indexfile=\write3
\openout3 = `refman.idx'.


Writing index file refman.idx
(/usr/share/texlive/texmf-dist/tex/latex/hyperref/hyperref.sty
Package: hyperref 2012/11/06 v6.83m Hypertext links for LaTeX

(/usr/share/texlive/texmf-dist/tex/generic/oberdiek/hobsub-hyperref.sty
Package: hobsub-hyperref 2012/05/28 v1.13 Bundle oberdiek, subset hyperref (HO)


(/usr/share/texlive/texmf-dist/tex/generic/oberdiek/hobsub-generic.sty
Package: hobsub-generic 2012/05/28 v1.13 Bundle oberdiek, subset generic (HO)
Package: hobsub 2012/05/28 v1.13 Construct package bundles (HO)
Package hobsub Info: Skipping package `infwarerr' (already loaded).
Package hobsub Info: Skipping package `ltxcmds' (already loaded).
Package: ifluatex 2010/03/01 v1.3 Provides the ifluatex switch (HO)
Package ifluatex Info: LuaTeX not detected.
Package hobsub Info: Skipping package `ifvtex' (already loaded).
Package: intcalc 2007/09/27 v1.1 Expandable calculations with integers (HO)
Package hobsub Info: Skipping package `ifpdf' (already loaded).
Package: etexcmds 2011/02/16 v1.5 Avoid name clashes with e-TeX commands (HO)
Package etexcmds Info: Could not find \expanded.
(etexcmds)             That can mean that you are not using pdfTeX 1.50 or
(etexcmds)             that some package has redefined \expanded.
(etexcmds)             In the latter case, load this package earlier.
Package: kvsetkeys 2012/04/25 v1.16 Key value parser (HO)
Package: kvdefinekeys 2011/04/07 v1.3 Define keys (HO)
Package: pdftexcmds 2011/11/29 v0.20 Utility functions of pdfTeX for LuaTeX (HO
)
Package pdftexcmds Info: LuaTeX not detected.
Package pdftexcmds Info: \pdf@primitive is available.
Package pdftexcmds Info: \pdf@ifprimitive is available.
Package pdftexcmds Info: \pdfdraftmode found.
Package: pdfescape 2011/11/25 v1.13 Implements pdfTeX's escape features (HO)
Package: bigintcalc 2012/04/08 v1.3 Expandable calculations on big integers (HO
)
Package: bitset 2011/01/30 v1.1 Handle bit-vector datatype (HO)
Package: uniquecounter 2011/01/30 v1.2 Provide unlimited unique counter (HO)
)
Package hobsub Info: Skipping package `hobsub' (already loaded).
Package: letltxmacro 2010/09/02 v1.4 Let assignment for LaTeX macros (HO)
Package: hopatch 2012/05/28 v1.2 Wrapper for package hooks (HO)
Package: xcolor-patch 2011/01/30 xcolor patch
Package: atveryend 2011/06/30 v1.8 Hooks at the very end of document (HO)
Package atveryend Info: \enddocument detected (standard20110627).
Package: atbegshi 2011/10/05 v1.16 At begin shipout hook (HO)
Package: refcount 2011/10/16 v3.4 Data extraction from label references (HO)
Package: hycolor 2011/01/30 v1.7 Color options for hyperref/bookmark (HO)
)
(/usr/share/texlive/texmf-dist/tex/latex/oberdiek/auxhook.sty
Package: auxhook 2011/03/04 v1.3 Hooks for auxiliary files (HO)
)
(/usr/share/texlive/texmf-dist/tex/latex/oberdiek/kvoptions.sty
Package: kvoptions 2011/06/30 v3.11 Key value format for package options (HO)
)
\@linkdim=\dimen141
\Hy@linkcounter=\count116
\Hy@pagecounter=\count117

(/usr/share/texlive/texmf-dist/tex/latex/hyperref/pd1enc.def
File: pd1enc.def 2012/11/06 v6.83m Hyperref: PDFDocEncoding definition (HO)
Now handling font encoding PD1 ...
... no UTF-8 mapping file for font encoding PD1
)
\Hy@SavedSpaceFactor=\count118

(/usr/share/texlive/texmf-dist/tex/latex/latexconfig/hyperref.cfg
File: hyperref.cfg 2002/06/06 v1.2 hyperref configuration of TeXLive
)
Package hyperref Info: Hyper figures OFF on input line 4443.
Package hyperref Info: Link nesting OFF on input line 4448.
Package hyperref Info: Hyper index ON on input line 4451.
Package hyperref Info: Plain pages OFF on input line 4458.
Package hyperref Info: Backreferencing ON on input line 4461.
Package hyperref Info: Implicit mode ON; LaTeX internals redefined.
Package hyperref Info: Bookmarks ON on input line 4688.

(/usr/share/texlive/texmf-dist/tex/latex/hyperref/backref.sty
Package: backref 2012/07/25 v1.38 Bibliographical back referencing

(/usr/share/texlive/texmf-dist/tex/latex/oberdiek/rerunfilecheck.sty
Package: rerunfilecheck 2011/04/15 v1.7 Rerun checks for auxiliary files (HO)
Package uniquecounter Info: New unique counter `rerunfilecheck' on input line 2
82.
))
\c@Hy@tempcnt=\count119

(/usr/share/texlive/texmf-dist/tex/latex/url/url.sty
\Urlmuskip=\muskip10
Package: url 2013/09/16  ver 3.4  Verb mode for urls, etc.
)
LaTeX Info: Redefining \url on input line 5041.
\XeTeXLinkMargin=\dimen142
\Fld@menulength=\count120
\Field@Width=\dimen143
\Fld@charsize=\dimen144
Package hyperref Info: Hyper figures OFF on input line 6295.
Package hyperref Info: Link nesting OFF on input line 6300.
Package hyperref Info: Hyper index ON on input line 6303.
Package hyperref Info: backreferencing ON on input line 6308.
Package hyperref Info: Link coloring OFF on input line 6315.
Package hyperref Info: Link coloring with OCG OFF on input line 6320.
Package hyperref Info: PDF/A mode OFF on input line 6325.
LaTeX Info: Redefining \ref on input line 6365.
LaTeX Info: Redefining \pageref on input line 6369.
\Hy@abspage=\count121
\c@Item=\count122
\c@Hfootnote=\count123
)

Package hyperref Message: Driver: hpdftex.

(/usr/share/texlive/texmf-dist/tex/latex/hyperref/hpdftex.def
File: hpdftex.def 2012/11/06 v6.83m Hyperref driver for pdfTeX
\Fld@listcount=\count124
\c@bookmark@seq@number=\count125
\Hy@SectionHShift=\skip101
)
Package hyperref Info: Option `colorlinks' set `true' on input line 101.
Package hyperref Info: Option `unicode' set `true' on input line 101.

(/usr/share/texlive/texmf-dist/tex/latex/hyperref/puenc.def
File: puenc.def 2012/11/06 v6.83m Hyperref: PDF Unicode definition (HO)
Now handling font encoding PU ...
... no UTF-8 mapping file for font encoding PU
) (./refman.aux)
\openout1 = `refman.aux'.

LaTeX Font Info:    Checking defaults for OML/cmm/m/it on input line 111.
LaTeX Font Info:    ... okay on input line 111.
LaTeX Font Info:    Checking defaults for T1/cmr/m/n on input line 111.
LaTeX Font Info:    ... okay on input line 111.
LaTeX Font Info:    Checking defaults for OT1/cmr/m/n on input line 111.
LaTeX Font Info:    ... okay on input line 111.
LaTeX Font Info:    Checking defaults for OMS/cmsy/m/n on input line 111.
LaTeX Font Info:    ... okay on input line 111.
LaTeX Font Info:    Checking defaults for OMX/cmex/m/n on input line 111.
LaTeX Font Info:    ... okay on input line 111.
LaTeX Font Info:    Checking defaults for U/cmr/m/n on input line 111.
LaTeX Font Info:    ... okay on input line 111.
LaTeX Font Info:    Checking defaults for TS1/cmr/m/n on input line 111.
LaTeX Font Info:    Try loading font information for TS1+cmr on input line 111.


(/usr/share/texlive/texmf-dist/tex/latex/base/ts1cmr.fd
File: ts1cmr.fd 1999/05/25 v2.5h Standard LaTeX font definitions
)
LaTeX Font Info:    ... okay on input line 111.
LaTeX Font Info:    Checking defaults for PD1/pdf/m/n on input line 111.
LaTeX Font Info:    ... okay on input line 111.
LaTeX Font Info:    Checking defaults for PU/pdf/m/n on input line 111.
LaTeX Font Info:    ... okay on input line 111.
LaTeX Font Info:    Try loading font information for T1+phv on input line 111.

(/usr/share/texlive/texmf-dist/tex/latex/psnfss/t1phv.fd
File: t1phv.fd 2001/06/04 scalable font definitions for T1/phv.
)
LaTeX Font Info:    Font shape `T1/phv/m/n' will be
(Font)              scaled to size 8.99994pt on input line 111.

(/usr/share/texlive/texmf-dist/tex/context/base/supp-pdf.mkii
[Loading MPS to PDF converter (version 2006.09.02).]
\scratchcounter=\count126
\scratchdimen=\dimen145
\scratchbox=\box56
\nofMPsegments=\count127
\nofMParguments=\count128
\everyMPshowfont=\toks25
\MPscratchCnt=\count129
\MPscratchDim=\dimen146
\MPnumerator=\count130
\makeMPintoPDFobject=\count131
\everyMPtoPDFconversion=\toks26
) (/usr/share/texlive/texmf-dist/tex/latex/oberdiek/epstopdf-base.sty
Package: epstopdf-base 2010/02/09 v2.5 Base part for package epstopdf

(/usr/share/texlive/texmf-dist/tex/latex/oberdiek/grfext.sty
Package: grfext 2010/08/19 v1.1 Manage graphics extensions (HO)
)
Package grfext Info: Graphics extension search list:
(grfext)             [.png,.pdf,.jpg,.mps,.jpeg,.jbig2,.jb2,.PNG,.PDF,.JPG,.JPE
G,.JBIG2,.JB2,.eps]
(grfext)             \AppendGraphicsExtensions on input line 452.

(/usr/share/texlive/texmf-dist/tex/latex/latexconfig/epstopdf-sys.cfg
File: epstopdf-sys.cfg 2010/07/13 v1.3 Configuration of (r)epstopdf for TeX Liv
e
))
\big@size=\dimen147

*geometry* driver: auto-detecting
*geometry* detected driver: pdftex
*geometry* verbose mode - [ preamble ] result:
* driver: pdftex
* paper: a4paper
* layout: <same size as paper>
* layoutoffset:(h,v)=(0.0pt,0.0pt)
* modes: twoside 
* h-part:(L,W,R)=(71.13188pt, 455.24411pt, 71.13188pt)
* v-part:(T,H,B)=(71.13188pt, 702.78308pt, 71.13188pt)
* \paperwidth=597.50787pt
* \paperheight=845.04684pt
* \textwidth=455.24411pt
* \textheight=702.78308pt
* \oddsidemargin=-1.1381pt
* \evensidemargin=-1.1381pt
* \topmargin=-31.2056pt
* \headheight=12.0pt
* \headsep=18.06749pt
* \topskip=10.0pt
* \footskip=25.29494pt
* \marginparwidth=125.0pt
* \marginparsep=7.0pt
* \columnsep=10.0pt
* \skip\footins=9.0pt plus 4.0pt minus 2.0pt
* \hoffset=0.0pt
* \voffset=0.0pt
* \mag=1000
* \@twocolumnfalse
* \@twosidetrue
* \@mparswitchtrue
* \@reversemarginfalse
* (1in=72.27pt=25.4mm, 1cm=28.453pt)

\AtBeginShipoutBox=\box57
Package backref Info: ** backref set up for natbib ** on input line 111.
Package hyperref Info: Link coloring ON on input line 111.
(/usr/share/texlive/texmf-dist/tex/latex/hyperref/nameref.sty
Package: nameref 2012/10/27 v2.43 Cross-referencing by name of section

(/usr/share/texlive/texmf-dist/tex/generic/oberdiek/gettitlestring.sty
Package: gettitlestring 2010/12/03 v1.4 Cleanup title references (HO)
)
\c@section@level=\count132
)
LaTeX Info: Redefining \ref on input line 111.
LaTeX Info: Redefining \pageref on input line 111.
LaTeX Info: Redefining \nameref on input line 111.

(./refman.out) (./refman.out)
\@outlinefile=\write4
\openout4 = `refman.out'.

Package hyperref Info: Option `pageanchor' set `false' on input line 114.
LaTeX Font Info:    Font shape `T1/phv/m/n' will be
(Font)              scaled to size 12.9599pt on input line 119.
LaTeX Font Info:    Font shape `T1/phv/m/n' will be
(Font)              scaled to size 10.79993pt on input line 121.
LaTeX Font Info:    Font shape `T1/phv/m/n' will be
(Font)              scaled to size 8.09995pt on input line 123.
 [1


{/var/lib/texmf/fonts/map/pdftex/updmap/pdftex.map}] [2

]
LaTeX Font Info:    Font shape `T1/phv/m/n' will be
(Font)              scaled to size 22.39185pt on input line 127.
LaTeX Font Info:    Font shape `T1/phv/bx/n' in size <24.88> not available
(Font)              Font shape `T1/phv/b/n' tried instead on input line 127.
LaTeX Font Info:    Font shape `T1/phv/b/n' will be
(Font)              scaled to size 22.39185pt on input line 127.
LaTeX Font Info:    Font shape `T1/phv/bc/n' will be
(Font)              scaled to size 22.39185pt on input line 127.
 (./refman.toc
LaTeX Font Info:    Font shape `T1/phv/bx/n' in size <10> not available
(Font)              Font shape `T1/phv/b/n' tried instead on input line 1.
LaTeX Font Info:    Font shape `T1/phv/b/n' will be
(Font)              scaled to size 8.99994pt on input line 1.
LaTeX Font Info:    Try loading font information for OT1+ztmcm on input line 1.


(/usr/share/texlive/texmf-dist/tex/latex/psnfss/ot1ztmcm.fd
File: ot1ztmcm.fd 2000/01/03 Fontinst v1.801 font definitions for OT1/ztmcm.
)
LaTeX Font Info:    Try loading font information for OML+ztmcm on input line 1.


(/usr/share/texlive/texmf-dist/tex/latex/psnfss/omlztmcm.fd
File: omlztmcm.fd 2000/01/03 Fontinst v1.801 font definitions for OML/ztmcm.
)
LaTeX Font Info:    Try loading font information for OMS+ztmcm on input line 1.


(/usr/share/texlive/texmf-dist/tex/latex/psnfss/omsztmcm.fd
File: omsztmcm.fd 2000/01/03 Fontinst v1.801 font definitions for OMS/ztmcm.
)
LaTeX Font Info:    Try loading font information for OMX+ztmcm on input line 1.


(/usr/share/texlive/texmf-dist/tex/latex/psnfss/omxztmcm.fd
File: omxztmcm.fd 2000/01/03 Fontinst v1.801 font definitions for OMX/ztmcm.
)
LaTeX Font Info:    Try loading font information for OT1+ptm on input line 1.

(/usr/share/texlive/texmf-dist/tex/latex/psnfss/ot1ptm.fd
File: ot1ptm.fd 2001/06/04 font definitions for OT1/ptm.
)
LaTeX Font Info:    Font shape `OT1/ptm/bx/n' in size <10> not available
(Font)              Font shape `OT1/ptm/b/n' tried instead on input line 1.
LaTeX Font Info:    Font shape `OT1/ptm/bx/n' in size <7.4> not available
(Font)              Font shape `OT1/ptm/b/n' tried instead on input line 1.
LaTeX Font Info:    Font shape `OT1/ptm/bx/n' in size <6> not available
(Font)              Font shape `OT1/ptm/b/n' tried instead on input line 1.
 [3

]
LaTeX Font Info:    Font shape `T1/phv/bx/n' in size <7> not available
(Font)              Font shape `T1/phv/b/n' tried instead on input line 70.
LaTeX Font Info:    Font shape `T1/phv/b/n' will be
(Font)              scaled to size 6.29996pt on input line 70.
 [4]
Underfull \vbox (badness 1968) has occurred while \output is active []

 [5])
\tf@toc=\write5
\openout5 = `refman.toc'.


[6]
Package hyperref Info: Option `pageanchor' set `true' on input line 130.

Chapter 1.
LaTeX Font Info:    Font shape `T1/phv/m/n' will be
(Font)              scaled to size 18.66588pt on input line 133.
LaTeX Font Info:    Font shape `T1/phv/bx/n' in size <20.74> not available
(Font)              Font shape `T1/phv/b/n' tried instead on input line 133.
LaTeX Font Info:    Font shape `T1/phv/b/n' will be
(Font)              scaled to size 18.66588pt on input line 133.
LaTeX Font Info:    Font shape `T1/phv/bc/n' will be
(Font)              scaled to size 18.66588pt on input line 133.
(./namespaces.tex
LaTeX Font Info:    Font shape `T1/phv/bx/n' in size <14.4> not available
(Font)              Font shape `T1/phv/b/n' tried instead on input line 1.
LaTeX Font Info:    Font shape `T1/phv/b/n' will be
(Font)              scaled to size 12.9599pt on input line 1.
LaTeX Font Info:    Font shape `T1/phv/bc/n' will be
(Font)              scaled to size 12.9599pt on input line 1.
) [1


] [2

]
Chapter 2.
(./hierarchy.tex) [3] [4

]
Chapter 3.
(./annotated.tex) [5] [6

]
Chapter 4.
(./files.tex) [7] [8

]
Chapter 5.
(./namespaceijengine.tex
LaTeX Font Info:    Font shape `T1/phv/bx/n' in size <12> not available
(Font)              Font shape `T1/phv/b/n' tried instead on input line 4.
LaTeX Font Info:    Font shape `T1/phv/b/n' will be
(Font)              scaled to size 10.79993pt on input line 4.
LaTeX Font Info:    Font shape `T1/phv/bc/n' will be
(Font)              scaled to size 10.79993pt on input line 4.
LaTeX Font Info:    Try loading font information for TS1+phv on input line 7.

(/usr/share/texlive/texmf-dist/tex/latex/psnfss/ts1phv.fd
File: ts1phv.fd 2001/06/04 scalable font definitions for TS1/phv.
)
LaTeX Font Info:    Font shape `TS1/phv/m/n' will be
(Font)              scaled to size 8.99994pt on input line 7.
) [9] [10

]
Chapter 6.
(./classijengine_1_1Canvas.tex
LaTeX Font Info:    Try loading font information for T1+pcr on input line 6.

(/usr/share/texlive/texmf-dist/tex/latex/psnfss/t1pcr.fd
File: t1pcr.fd 2001/06/04 font definitions for T1/pcr.
)
<classijengine_1_1Canvas__inherit__graph.pdf, id=899, 194.7275pt x 289.08pt>
File: classijengine_1_1Canvas__inherit__graph.pdf Graphic file (type pdf)

<use classijengine_1_1Canvas__inherit__graph.pdf>
Package pdftex.def Info: classijengine_1_1Canvas__inherit__graph.pdf used on in
put line 15.
(pdftex.def)             Requested size: 194.0pt x 288.01181pt.

<classijengine_1_1Canvas__coll__graph.pdf, id=900, 168.63pt x 160.6pt>
File: classijengine_1_1Canvas__coll__graph.pdf Graphic file (type pdf)

<use classijengine_1_1Canvas__coll__graph.pdf>
Package pdftex.def Info: classijengine_1_1Canvas__coll__graph.pdf used on input
 line 25.
(pdftex.def)             Requested size: 168.0pt x 160.0041pt.

Underfull \vbox (badness 10000) has occurred while \output is active []

 [11 <./classijengine_1_1Canvas__inherit__graph.pdf>]
LaTeX Font Info:    Font shape `T1/phv/bc/n' will be
(Font)              scaled to size 8.99994pt on input line 46.


LaTeX Font Warning: Font shape `T1/pcr/bc/n' undefined
(Font)              using `T1/pcr/m/n' instead on input line 46.


Package hyperref Warning: Token not allowed in a PDF string (Unicode):
(hyperref)                removing `math shift' on input line 46.


Package hyperref Warning: Token not allowed in a PDF string (Unicode):
(hyperref)                removing `\sim' on input line 46.


Package hyperref Warning: Token not allowed in a PDF string (Unicode):
(hyperref)                removing `math shift' on input line 46.

LaTeX Font Info:    Font shape `T1/phv/bc/it' in size <10> not available
(Font)              Font shape `T1/phv/bc/sl' tried instead on input line 58.
LaTeX Font Info:    Font shape `T1/phv/bc/sl' will be
(Font)              scaled to size 8.99994pt on input line 58.
) (./classijengine_1_1Game.tex
<classijengine_1_1Game__inherit__graph.pdf, id=922, 320.19624pt x 254.9525pt>
File: classijengine_1_1Game__inherit__graph.pdf Graphic file (type pdf)

<use classijengine_1_1Game__inherit__graph.pdf>
Package pdftex.def Info: classijengine_1_1Game__inherit__graph.pdf used on inpu
t line 15.
(pdftex.def)             Requested size: 319.0pt x 254.00262pt.

Underfull \vbox (badness 3679) has occurred while \output is active []

 [12 <./classijengine_1_1Canvas__coll__graph.pdf>]
<classijengine_1_1Game__coll__graph.pdf, id=941, 162.6075pt x 160.6pt>
File: classijengine_1_1Game__coll__graph.pdf Graphic file (type pdf)

<use classijengine_1_1Game__coll__graph.pdf>
Package pdftex.def Info: classijengine_1_1Game__coll__graph.pdf used on input l
ine 25.
(pdftex.def)             Requested size: 162.0pt x 160.01146pt.


Package hyperref Warning: Token not allowed in a PDF string (Unicode):
(hyperref)                removing `math shift' on input line 53.


Package hyperref Warning: Token not allowed in a PDF string (Unicode):
(hyperref)                removing `\sim' on input line 53.


Package hyperref Warning: Token not allowed in a PDF string (Unicode):
(hyperref)                removing `math shift' on input line 53.

[13 <./classijengine_1_1Game__inherit__graph.pdf> <./classijengine_1_1Game__col
l__graph.pdf

pdfTeX warning: pdflatex (file ./classijengine_1_1Game__coll__graph.pdf): PDF i
nclusion: multiple pdfs with page group included in a single page
>]) (./classijengine_1_1Lib.tex
<classijengine_1_1Lib__inherit__graph.pdf, id=967, 272.01625pt x 321.2pt>
File: classijengine_1_1Lib__inherit__graph.pdf Graphic file (type pdf)

<use classijengine_1_1Lib__inherit__graph.pdf>
Package pdftex.def Info: classijengine_1_1Lib__inherit__graph.pdf used on input
 line 15.
(pdftex.def)             Requested size: 271.0pt x 320.01804pt.

<classijengine_1_1Lib__coll__graph.pdf, id=968, 148.555pt x 182.6825pt>
File: classijengine_1_1Lib__coll__graph.pdf Graphic file (type pdf)

<use classijengine_1_1Lib__coll__graph.pdf>
Package pdftex.def Info: classijengine_1_1Lib__coll__graph.pdf used on input li
ne 25.
(pdftex.def)             Requested size: 148.0pt x 182.00745pt.

Underfull \vbox (badness 10000) has occurred while \output is active []

 [14 <./classijengine_1_1Lib__inherit__graph.pdf>]

Package hyperref Warning: Token not allowed in a PDF string (Unicode):
(hyperref)                removing `math shift' on input line 50.


Package hyperref Warning: Token not allowed in a PDF string (Unicode):
(hyperref)                removing `\sim' on input line 50.


Package hyperref Warning: Token not allowed in a PDF string (Unicode):
(hyperref)                removing `math shift' on input line 50.

) (./classijengine_1_1LibGL.tex [15 <./classijengine_1_1Lib__coll__graph.pdf>]
<classijengine_1_1LibGL__inherit__graph.pdf, id=1017, 160.6pt x 321.2pt>
File: classijengine_1_1LibGL__inherit__graph.pdf Graphic file (type pdf)

<use classijengine_1_1LibGL__inherit__graph.pdf>
Package pdftex.def Info: classijengine_1_1LibGL__inherit__graph.pdf used on inp
ut line 15.
(pdftex.def)             Requested size: 160.0pt x 320.00824pt.

<classijengine_1_1LibGL__coll__graph.pdf, id=1018, 160.6pt x 321.2pt>
File: classijengine_1_1LibGL__coll__graph.pdf Graphic file (type pdf)

<use classijengine_1_1LibGL__coll__graph.pdf>
Package pdftex.def Info: classijengine_1_1LibGL__coll__graph.pdf used on input 
line 25.
(pdftex.def)             Requested size: 160.0pt x 320.00824pt.

Underfull \vbox (badness 10000) has occurred while \output is active []

 [16 <./classijengine_1_1LibGL__inherit__graph.pdf>]

Package hyperref Warning: Token not allowed in a PDF string (Unicode):
(hyperref)                removing `math shift' on input line 50.


Package hyperref Warning: Token not allowed in a PDF string (Unicode):
(hyperref)                removing `\sim' on input line 50.


Package hyperref Warning: Token not allowed in a PDF string (Unicode):
(hyperref)                removing `math shift' on input line 50.

[17 <./classijengine_1_1LibGL__coll__graph.pdf>])
(./classijengine_1_1LibSDL2.tex
<classijengine_1_1LibSDL2__inherit__graph.pdf, id=1053, 172.645pt x 321.2pt>
File: classijengine_1_1LibSDL2__inherit__graph.pdf Graphic file (type pdf)

<use classijengine_1_1LibSDL2__inherit__graph.pdf>
Package pdftex.def Info: classijengine_1_1LibSDL2__inherit__graph.pdf used on i
nput line 15.
(pdftex.def)             Requested size: 172.0pt x 320.00334pt.

<classijengine_1_1LibSDL2__coll__graph.pdf, id=1054, 172.645pt x 321.2pt>
File: classijengine_1_1LibSDL2__coll__graph.pdf Graphic file (type pdf)

<use classijengine_1_1LibSDL2__coll__graph.pdf>
Package pdftex.def Info: classijengine_1_1LibSDL2__coll__graph.pdf used on inpu
t line 25.
(pdftex.def)             Requested size: 172.0pt x 320.00334pt.

Underfull \vbox (badness 10000) has occurred while \output is active []

 [18 <./classijengine_1_1LibSDL2__inherit__graph.pdf>]

Package hyperref Warning: Token not allowed in a PDF string (Unicode):
(hyperref)                removing `math shift' on input line 50.


Package hyperref Warning: Token not allowed in a PDF string (Unicode):
(hyperref)                removing `\sim' on input line 50.


Package hyperref Warning: Token not allowed in a PDF string (Unicode):
(hyperref)                removing `math shift' on input line 50.

[19 <./classijengine_1_1LibSDL2__coll__graph.pdf>])
(./classijengine_1_1SDL2Canvas.tex
<classijengine_1_1SDL2Canvas__inherit__graph.pdf, id=1089, 194.7275pt x 289.08p
t>
File: classijengine_1_1SDL2Canvas__inherit__graph.pdf Graphic file (type pdf)
 <use classijengine_1_1SDL2Canvas__inherit__graph.pdf>
Package pdftex.def Info: classijengine_1_1SDL2Canvas__inherit__graph.pdf used o
n input line 15.
(pdftex.def)             Requested size: 194.0pt x 288.01181pt.

<classijengine_1_1SDL2Canvas__coll__graph.pdf, id=1090, 194.7275pt x 289.08pt>
File: classijengine_1_1SDL2Canvas__coll__graph.pdf Graphic file (type pdf)

<use classijengine_1_1SDL2Canvas__coll__graph.pdf>
Package pdftex.def Info: classijengine_1_1SDL2Canvas__coll__graph.pdf used on i
nput line 25.
(pdftex.def)             Requested size: 194.0pt x 288.01181pt.

Underfull \vbox (badness 10000) has occurred while \output is active []

 [20 <./classijengine_1_1SDL2Canvas__inherit__graph.pdf>]
<classijengine_1_1SDL2Canvas_a764abc16a5bcdd6f0d1ab1c117839ee0_cgraph.pdf, id=1
108, 359.3425pt x 187.70125pt>
File: classijengine_1_1SDL2Canvas_a764abc16a5bcdd6f0d1ab1c117839ee0_cgraph.pdf 
Graphic file (type pdf)

<use classijengine_1_1SDL2Canvas_a764abc16a5bcdd6f0d1ab1c117839ee0_cgraph.pdf>
Package pdftex.def Info: classijengine_1_1SDL2Canvas_a764abc16a5bcdd6f0d1ab1c11
7839ee0_cgraph.pdf used on input line 72.
(pdftex.def)             Requested size: 350.0pt x 182.8347pt.

Underfull \vbox (badness 10000) has occurred while \output is active []

 [21 <./classijengine_1_1SDL2Canvas__coll__graph.pdf>]) (./classijengine_1_1SDL
2DVideo.tex
<classijengine_1_1SDL2DVideo__inherit__graph.pdf, id=1125, 192.72pt x 266.9975p
t>
File: classijengine_1_1SDL2DVideo__inherit__graph.pdf Graphic file (type pdf)
 <use classijengine_1_1SDL2DVideo__inherit__graph.pdf>
Package pdftex.def Info: classijengine_1_1SDL2DVideo__inherit__graph.pdf used o
n input line 15.
(pdftex.def)             Requested size: 192.0pt x 265.99867pt.

Underfull \vbox (badness 10000) has occurred while \output is active []

 [22 <./classijengine_1_1SDL2Canvas_a764abc16a5bcdd6f0d1ab1c117839ee0_cgraph.pd
f>]
<classijengine_1_1SDL2DVideo__coll__graph.pdf, id=1137, 192.72pt x 266.9975pt>
File: classijengine_1_1SDL2DVideo__coll__graph.pdf Graphic file (type pdf)

<use classijengine_1_1SDL2DVideo__coll__graph.pdf>
Package pdftex.def Info: classijengine_1_1SDL2DVideo__coll__graph.pdf used on i
nput line 25.
(pdftex.def)             Requested size: 192.0pt x 265.99867pt.
 [23 <./classijengine_1_1SDL2DVideo__inherit__graph.pdf> <./classijengine_1_1SD
L2DVideo__coll__graph.pdf

pdfTeX warning: pdflatex (file ./classijengine_1_1SDL2DVideo__coll__graph.pdf):
 PDF inclusion: multiple pdfs with page group included in a single page
>]

Package hyperref Warning: Token not allowed in a PDF string (Unicode):
(hyperref)                removing `math shift' on input line 53.


Package hyperref Warning: Token not allowed in a PDF string (Unicode):
(hyperref)                removing `\sim' on input line 53.


Package hyperref Warning: Token not allowed in a PDF string (Unicode):
(hyperref)                removing `math shift' on input line 53.

) (./classijengine_1_1SDL2Game.tex
<classijengine_1_1SDL2Game__inherit__graph.pdf, id=1164, 186.6975pt x 254.9525p
t>
File: classijengine_1_1SDL2Game__inherit__graph.pdf Graphic file (type pdf)
 <use classijengine_1_1SDL2Game__inherit__graph.pdf>
Package pdftex.def Info: classijengine_1_1SDL2Game__inherit__graph.pdf used on 
input line 15.
(pdftex.def)             Requested size: 186.0pt x 254.0104pt.

<classijengine_1_1SDL2Game__coll__graph.pdf, id=1165, 186.6975pt x 254.9525pt>
File: classijengine_1_1SDL2Game__coll__graph.pdf Graphic file (type pdf)

<use classijengine_1_1SDL2Game__coll__graph.pdf>
Package pdftex.def Info: classijengine_1_1SDL2Game__coll__graph.pdf used on inp
ut line 25.
(pdftex.def)             Requested size: 186.0pt x 254.0104pt.

Underfull \vbox (badness 10000) has occurred while \output is active []

 [24 <./classijengine_1_1SDL2Game__inherit__graph.pdf>]
<classijengine_1_1SDL2Game_a85c10694ae6091b2979ed922a911adef_cgraph.pdf, id=117
8, 515.9275pt x 236.885pt>
File: classijengine_1_1SDL2Game_a85c10694ae6091b2979ed922a911adef_cgraph.pdf Gr
aphic file (type pdf)

<use classijengine_1_1SDL2Game_a85c10694ae6091b2979ed922a911adef_cgraph.pdf>
Package pdftex.def Info: classijengine_1_1SDL2Game_a85c10694ae6091b2979ed922a91
1adef_cgraph.pdf used on input line 50.
(pdftex.def)             Requested size: 350.0pt x 160.70375pt.
)
(./classijengine_1_1SDL2Texture.tex [25 <./classijengine_1_1SDL2Game__coll__gra
ph.pdf> <./classijengine_1_1SDL2Game_a85c10694ae6091b2979ed922a911adef_cgraph.p
df

pdfTeX warning: pdflatex (file ./classijengine_1_1SDL2Game_a85c10694ae6091b2979
ed922a911adef_cgraph.pdf): PDF inclusion: multiple pdfs with page group include
d in a single page
>]
<classijengine_1_1SDL2Texture__inherit__graph.pdf, id=1199, 214.8025pt x 311.16
25pt>
File: classijengine_1_1SDL2Texture__inherit__graph.pdf Graphic file (type pdf)
 <use classijengine_1_1SDL2Texture__inherit__graph.pdf>
Package pdftex.def Info: classijengine_1_1SDL2Texture__inherit__graph.pdf used 
on input line 15.
(pdftex.def)             Requested size: 214.0pt x 310.00323pt.

<classijengine_1_1SDL2Texture__coll__graph.pdf, id=1200, 214.8025pt x 311.1625p
t>
File: classijengine_1_1SDL2Texture__coll__graph.pdf Graphic file (type pdf)
 <use classijengine_1_1SDL2Texture__coll__graph.pdf>
Package pdftex.def Info: classijengine_1_1SDL2Texture__coll__graph.pdf used on 
input line 25.
(pdftex.def)             Requested size: 214.0pt x 310.00323pt.

Underfull \vbox (badness 10000) has occurred while \output is active []

 [26 <./classijengine_1_1SDL2Texture__inherit__graph.pdf>]

Package hyperref Warning: Token not allowed in a PDF string (Unicode):
(hyperref)                removing `math shift' on input line 64.


Package hyperref Warning: Token not allowed in a PDF string (Unicode):
(hyperref)                removing `\sim' on input line 64.


Package hyperref Warning: Token not allowed in a PDF string (Unicode):
(hyperref)                removing `math shift' on input line 64.


<classijengine_1_1SDL2Texture_a2685a9df8d7152bc132990dea3ffe813_cgraph.pdf, id=
1223, 371.3875pt x 236.885pt>
File: classijengine_1_1SDL2Texture_a2685a9df8d7152bc132990dea3ffe813_cgraph.pdf
 Graphic file (type pdf)

<use classijengine_1_1SDL2Texture_a2685a9df8d7152bc132990dea3ffe813_cgraph.pdf>
Package pdftex.def Info: classijengine_1_1SDL2Texture_a2685a9df8d7152bc132990de
a3ffe813_cgraph.pdf used on input line 94.
(pdftex.def)             Requested size: 350.0pt x 223.24664pt.
[27 <./classijengine_1_1SDL2Texture__coll__graph.pdf>])
(./classijengine_1_1SDL2Window.tex
<classijengine_1_1SDL2Window__inherit__graph.pdf, id=1247, 194.7275pt x 311.162
5pt>
File: classijengine_1_1SDL2Window__inherit__graph.pdf Graphic file (type pdf)
 <use classijengine_1_1SDL2Window__inherit__graph.pdf>
Package pdftex.def Info: classijengine_1_1SDL2Window__inherit__graph.pdf used o
n input line 15.
(pdftex.def)             Requested size: 194.0pt x 310.01273pt.

Underfull \vbox (badness 10000) has occurred while \output is active []

 [28 <./classijengine_1_1SDL2Texture_a2685a9df8d7152bc132990dea3ffe813_cgraph.p
df>]
<classijengine_1_1SDL2Window__coll__graph.pdf, id=1259, 194.7275pt x 311.1625pt
>
File: classijengine_1_1SDL2Window__coll__graph.pdf Graphic file (type pdf)
 <use classijengine_1_1SDL2Window__coll__graph.pdf>
Package pdftex.def Info: classijengine_1_1SDL2Window__coll__graph.pdf used on i
nput line 25.
(pdftex.def)             Requested size: 194.0pt x 310.01273pt.

Underfull \vbox (badness 10000) has occurred while \output is active []

 [29 <./classijengine_1_1SDL2Window__inherit__graph.pdf>]

Package hyperref Warning: Token not allowed in a PDF string (Unicode):
(hyperref)                removing `math shift' on input line 58.


Package hyperref Warning: Token not allowed in a PDF string (Unicode):
(hyperref)                removing `\sim' on input line 58.


Package hyperref Warning: Token not allowed in a PDF string (Unicode):
(hyperref)                removing `math shift' on input line 58.

[30 <./classijengine_1_1SDL2Window__coll__graph.pdf>])
(./classijengine_1_1SDL3DVideo.tex
<classijengine_1_1SDL3DVideo__inherit__graph.pdf, id=1299, 192.72pt x 266.9975p
t>
File: classijengine_1_1SDL3DVideo__inherit__graph.pdf Graphic file (type pdf)
 <use classijengine_1_1SDL3DVideo__inherit__graph.pdf>
Package pdftex.def Info: classijengine_1_1SDL3DVideo__inherit__graph.pdf used o
n input line 15.
(pdftex.def)             Requested size: 192.0pt x 265.99867pt.

<classijengine_1_1SDL3DVideo__coll__graph.pdf, id=1300, 192.72pt x 266.9975pt>
File: classijengine_1_1SDL3DVideo__coll__graph.pdf Graphic file (type pdf)

<use classijengine_1_1SDL3DVideo__coll__graph.pdf>
Package pdftex.def Info: classijengine_1_1SDL3DVideo__coll__graph.pdf used on i
nput line 25.
(pdftex.def)             Requested size: 192.0pt x 265.99867pt.

Underfull \vbox (badness 10000) has occurred while \output is active []

 [31 <./classijengine_1_1SDL3DVideo__inherit__graph.pdf>]

Package hyperref Warning: Token not allowed in a PDF string (Unicode):
(hyperref)                removing `math shift' on input line 53.


Package hyperref Warning: Token not allowed in a PDF string (Unicode):
(hyperref)                removing `\sim' on input line 53.


Package hyperref Warning: Token not allowed in a PDF string (Unicode):
(hyperref)                removing `math shift' on input line 53.

) (./classijengine_1_1SDLGLGame.tex
<classijengine_1_1SDLGLGame__inherit__graph.pdf, id=1320, 194.7275pt x 254.9525
pt>
File: classijengine_1_1SDLGLGame__inherit__graph.pdf Graphic file (type pdf)
 <use classijengine_1_1SDLGLGame__inherit__graph.pdf>
Package pdftex.def Info: classijengine_1_1SDLGLGame__inherit__graph.pdf used on
 input line 15.
(pdftex.def)             Requested size: 194.0pt x 254.0104pt.
 [32 <./classijengine_1_1SDL3DVideo__coll__graph.pdf>]
<classijengine_1_1SDLGLGame__coll__graph.pdf, id=1336, 194.7275pt x 254.9525pt>
File: classijengine_1_1SDLGLGame__coll__graph.pdf Graphic file (type pdf)
<use classijengine_1_1SDLGLGame__coll__graph.pdf>
Package pdftex.def Info: classijengine_1_1SDLGLGame__coll__graph.pdf used on in
put line 25.
(pdftex.def)             Requested size: 194.0pt x 254.0104pt.
 [33 <./classijengine_1_1SDLGLGame__inherit__graph.pdf> <./classijengine_1_1SDL
GLGame__coll__graph.pdf

pdfTeX warning: pdflatex (file ./classijengine_1_1SDLGLGame__coll__graph.pdf): 
PDF inclusion: multiple pdfs with page group included in a single page
>]) (./classijengine_1_1Texture.tex
<classijengine_1_1Texture__inherit__graph.pdf, id=1357, 214.8025pt x 311.1625pt
>
File: classijengine_1_1Texture__inherit__graph.pdf Graphic file (type pdf)
 <use classijengine_1_1Texture__inherit__graph.pdf>
Package pdftex.def Info: classijengine_1_1Texture__inherit__graph.pdf used on i
nput line 15.
(pdftex.def)             Requested size: 214.0pt x 310.00323pt.

<classijengine_1_1Texture__coll__graph.pdf, id=1358, 168.63pt x 160.6pt>
File: classijengine_1_1Texture__coll__graph.pdf Graphic file (type pdf)

<use classijengine_1_1Texture__coll__graph.pdf>
Package pdftex.def Info: classijengine_1_1Texture__coll__graph.pdf used on inpu
t line 25.
(pdftex.def)             Requested size: 168.0pt x 160.0041pt.
 [34 <./classijengine_1_1Texture__inherit__graph.pdf> <./classijengine_1_1Textu
re__coll__graph.pdf

pdfTeX warning: pdflatex (file ./classijengine_1_1Texture__coll__graph.pdf): PD
F inclusion: multiple pdfs with page group included in a single page
>]

Package hyperref Warning: Token not allowed in a PDF string (Unicode):
(hyperref)                removing `math shift' on input line 46.


Package hyperref Warning: Token not allowed in a PDF string (Unicode):
(hyperref)                removing `\sim' on input line 46.


Package hyperref Warning: Token not allowed in a PDF string (Unicode):
(hyperref)                removing `math shift' on input line 46.

) (./classijengine_1_1Video.tex
<classijengine_1_1Video__inherit__graph.pdf, id=1380, 324.21124pt x 266.9975pt>
File: classijengine_1_1Video__inherit__graph.pdf Graphic file (type pdf)
<use classijengine_1_1Video__inherit__graph.pdf>
Package pdftex.def Info: classijengine_1_1Video__inherit__graph.pdf used on inp
ut line 15.
(pdftex.def)             Requested size: 323.0pt x 266.01497pt.

<classijengine_1_1Video__coll__graph.pdf, id=1381, 176.66pt x 150.5625pt>
File: classijengine_1_1Video__coll__graph.pdf Graphic file (type pdf)

<use classijengine_1_1Video__coll__graph.pdf>
Package pdftex.def Info: classijengine_1_1Video__coll__graph.pdf used on input 
line 25.
(pdftex.def)             Requested size: 176.0pt x 150.00154pt.
 [35 <./classijengine_1_1Video__inherit__graph.pdf>]

Package hyperref Warning: Token not allowed in a PDF string (Unicode):
(hyperref)                removing `math shift' on input line 44.


Package hyperref Warning: Token not allowed in a PDF string (Unicode):
(hyperref)                removing `\sim' on input line 44.


Package hyperref Warning: Token not allowed in a PDF string (Unicode):
(hyperref)                removing `math shift' on input line 44.

) (./classijengine_1_1Window.tex
<classijengine_1_1Window__inherit__graph.pdf, id=1400, 194.7275pt x 311.1625pt>
File: classijengine_1_1Window__inherit__graph.pdf Graphic file (type pdf)
<use classijengine_1_1Window__inherit__graph.pdf>
Package pdftex.def Info: classijengine_1_1Window__inherit__graph.pdf used on in
put line 15.
(pdftex.def)             Requested size: 194.0pt x 310.01273pt.

Underfull \vbox (badness 10000) has occurred while \output is active []

 [36 <./classijengine_1_1Video__coll__graph.pdf>]
<classijengine_1_1Window__coll__graph.pdf, id=1413, 170.6375pt x 172.645pt>
File: classijengine_1_1Window__coll__graph.pdf Graphic file (type pdf)

<use classijengine_1_1Window__coll__graph.pdf>
Package pdftex.def Info: classijengine_1_1Window__coll__graph.pdf used on input
 line 25.
(pdftex.def)             Requested size: 170.0pt x 172.00967pt.


Package hyperref Warning: Token not allowed in a PDF string (Unicode):
(hyperref)                removing `math shift' on input line 48.


Package hyperref Warning: Token not allowed in a PDF string (Unicode):
(hyperref)                removing `\sim' on input line 48.


Package hyperref Warning: Token not allowed in a PDF string (Unicode):
(hyperref)                removing `math shift' on input line 48.

[37 <./classijengine_1_1Window__inherit__graph.pdf> <./classijengine_1_1Window_
_coll__graph.pdf

pdfTeX warning: pdflatex (file ./classijengine_1_1Window__coll__graph.pdf): PDF
 inclusion: multiple pdfs with page group included in a single page
>]) [38]
Chapter 7.
(./canvas_8h.tex <canvas_8h__dep__incl.pdf, id=1446, 1071.00125pt x 317.185pt>
File: canvas_8h__dep__incl.pdf Graphic file (type pdf)

<use canvas_8h__dep__incl.pdf>
Package pdftex.def Info: canvas_8h__dep__incl.pdf used on input line 9.
(pdftex.def)             Requested size: 350.0pt x 103.655pt.
) (./game_8h.tex
<game_8h__dep__incl.pdf, id=1449, 523.9575pt x 248.93pt>
File: game_8h__dep__incl.pdf Graphic file (type pdf)

<use game_8h__dep__incl.pdf>
Package pdftex.def Info: game_8h__dep__incl.pdf used on input line 9.
(pdftex.def)             Requested size: 350.0pt x 166.28844pt.

Underfull \vbox (badness 10000) has occurred while \output is active []

 [39

 <./canvas_8h__dep__incl.pdf>]) (./libgl_8h.tex
<libgl_8h__incl.pdf, id=1464, 198.7425pt x 224.84pt>
File: libgl_8h__incl.pdf Graphic file (type pdf)
 <use libgl_8h__incl.pdf>
Package pdftex.def Info: libgl_8h__incl.pdf used on input line 10.
(pdftex.def)             Requested size: 198.0pt x 224.00577pt.

<libgl_8h__dep__incl.pdf, id=1465, 360.34625pt x 248.93pt>
File: libgl_8h__dep__incl.pdf Graphic file (type pdf)

<use libgl_8h__dep__incl.pdf>
Package pdftex.def Info: libgl_8h__dep__incl.pdf used on input line 18.
(pdftex.def)             Requested size: 350.0pt x 241.78085pt.
 [40 <./game_8h__dep__incl.pdf> <./libgl_8h__incl.pdf

pdfTeX warning: pdflatex (file ./libgl_8h__incl.pdf): PDF inclusion: multiple p
dfs with page group included in a single page
>]) (./libs_8h.tex <libs_8h__incl.pdf, id=1485, 196.735pt x 168.63pt>
File: libs_8h__incl.pdf Graphic file (type pdf)

<use libs_8h__incl.pdf>
Package pdftex.def Info: libs_8h__incl.pdf used on input line 10.
(pdftex.def)             Requested size: 196.0pt x 167.99916pt.

<libs_8h__dep__incl.pdf, id=1486, 657.45625pt x 317.185pt>
File: libs_8h__dep__incl.pdf Graphic file (type pdf)

<use libs_8h__dep__incl.pdf>
Package pdftex.def Info: libs_8h__dep__incl.pdf used on input line 18.
(pdftex.def)             Requested size: 350.0pt x 168.8574pt.
 [41 <./libgl_8h__dep__incl.pdf> <./libs_8h__incl.pdf

pdfTeX warning: pdflatex (file ./libs_8h__incl.pdf): PDF inclusion: multiple pd
fs with page group included in a single page
>]) (./sdl2_8h.tex <sdl2_8h__incl.pdf, id=1506, 198.7425pt x 224.84pt>
File: sdl2_8h__incl.pdf Graphic file (type pdf)

<use sdl2_8h__incl.pdf>
Package pdftex.def Info: sdl2_8h__incl.pdf used on input line 10.
(pdftex.def)             Requested size: 198.0pt x 224.00577pt.
 <sdl2_8h__dep__incl.pdf, id=1507, 521.95pt x 248.93pt>
File: sdl2_8h__dep__incl.pdf Graphic file (type pdf)

<use sdl2_8h__dep__incl.pdf>
Package pdftex.def Info: sdl2_8h__dep__incl.pdf used on input line 18.
(pdftex.def)             Requested size: 350.0pt x 166.92656pt.
 [42 <./libs_8h__dep__incl.pdf> <./sdl2_8h__incl.pdf

pdfTeX warning: pdflatex (file ./sdl2_8h__incl.pdf): PDF inclusion: multiple pd
fs with page group included in a single page
>]) (./sdl2canvas_8h.tex
<sdl2canvas_8h__incl.pdf, id=1527, 231.86626pt x 168.63pt>
File: sdl2canvas_8h__incl.pdf Graphic file (type pdf)

<use sdl2canvas_8h__incl.pdf>
Package pdftex.def Info: sdl2canvas_8h__incl.pdf used on input line 11.
(pdftex.def)             Requested size: 231.0pt x 168.00432pt.

<sdl2canvas_8h__dep__incl.pdf, id=1528, 548.0475pt x 180.675pt>
File: sdl2canvas_8h__dep__incl.pdf Graphic file (type pdf)

<use sdl2canvas_8h__dep__incl.pdf>
Package pdftex.def Info: sdl2canvas_8h__dep__incl.pdf used on input line 19.
(pdftex.def)             Requested size: 350.0pt x 115.38623pt.

Underfull \vbox (badness 6252) has occurred while \output is active []

 [43 <./sdl2_8h__dep__incl.pdf> <./sdl2canvas_8h__incl.pdf

pdfTeX warning: pdflatex (file ./sdl2canvas_8h__incl.pdf): PDF inclusion: multi
ple pdfs with page group included in a single page
>]) (./sdl2Dvideo_8h.tex
<sdl2Dvideo_8h__incl.pdf, id=1550, 229.85875pt x 168.63pt>
File: sdl2Dvideo_8h__incl.pdf Graphic file (type pdf)

<use sdl2Dvideo_8h__incl.pdf>
Package pdftex.def Info: sdl2Dvideo_8h__incl.pdf used on input line 11.
(pdftex.def)             Requested size: 229.0pt x 168.00946pt.

<sdl2Dvideo_8h__dep__incl.pdf, id=1551, 384.43625pt x 248.93pt>
File: sdl2Dvideo_8h__dep__incl.pdf Graphic file (type pdf)

<use sdl2Dvideo_8h__dep__incl.pdf>
Package pdftex.def Info: sdl2Dvideo_8h__dep__incl.pdf used on input line 19.
(pdftex.def)             Requested size: 350.0pt x 226.6482pt.

Underfull \vbox (badness 10000) has occurred while \output is active []

 [44 <./sdl2canvas_8h__dep__incl.pdf> <./sdl2Dvideo_8h__incl.pdf

pdfTeX warning: pdflatex (file ./sdl2Dvideo_8h__incl.pdf): PDF inclusion: multi
ple pdfs with page group included in a single page
>]) (./sdl2game_8h.tex <sdl2game_8h__incl.pdf, id=1571, 531.9875pt x 281.05pt>
File: sdl2game_8h__incl.pdf Graphic file (type pdf)

<use sdl2game_8h__incl.pdf>
Package pdftex.def Info: sdl2game_8h__incl.pdf used on input line 15.
(pdftex.def)             Requested size: 350.0pt x 184.91032pt.

Underfull \vbox (badness 10000) has occurred while \output is active []

 [45 <./sdl2Dvideo_8h__dep__incl.pdf>]
<sdl2game_8h__dep__incl.pdf, id=1584, 222.8325pt x 180.675pt>
File: sdl2game_8h__dep__incl.pdf Graphic file (type pdf)

<use sdl2game_8h__dep__incl.pdf>
Package pdftex.def Info: sdl2game_8h__dep__incl.pdf used on input line 23.
(pdftex.def)             Requested size: 222.0pt x 180.00186pt.
) (./sdl2texture_8h.tex
<sdl2texture_8h__incl.pdf, id=1587, 360.34625pt x 168.63pt>
File: sdl2texture_8h__incl.pdf Graphic file (type pdf)

<use sdl2texture_8h__incl.pdf>
Package pdftex.def Info: sdl2texture_8h__incl.pdf used on input line 13.
(pdftex.def)             Requested size: 350.0pt x 163.78703pt.
 [46 <./sdl2game_8h__incl.pdf> <./sdl2game_8h__dep__incl.pdf

pdfTeX warning: pdflatex (file ./sdl2game_8h__dep__incl.pdf): PDF inclusion: mu
ltiple pdfs with page group included in a single page
>] <sdl2texture_8h__dep__incl.pdf, id=1605, 584.1825pt x 248.93pt>
File: sdl2texture_8h__dep__incl.pdf Graphic file (type pdf)

<use sdl2texture_8h__dep__incl.pdf>
Package pdftex.def Info: sdl2texture_8h__dep__incl.pdf used on input line 21.
(pdftex.def)             Requested size: 350.0pt x 149.14644pt.
) (./sdl2window_8h.tex
<sdl2window_8h__incl.pdf, id=1608, 303.1325pt x 168.63pt>
File: sdl2window_8h__incl.pdf Graphic file (type pdf)

<use sdl2window_8h__incl.pdf>
Package pdftex.def Info: sdl2window_8h__incl.pdf used on input line 12.
(pdftex.def)             Requested size: 302.0pt x 168.00174pt.

Underfull \vbox (badness 3895) has occurred while \output is active []

 [47 <./sdl2texture_8h__incl.pdf> <./sdl2texture_8h__dep__incl.pdf

pdfTeX warning: pdflatex (file ./sdl2texture_8h__dep__incl.pdf): PDF inclusion:
 multiple pdfs with page group included in a single page
>] <sdl2window_8h__dep__incl.pdf, id=1626, 548.0475pt x 180.675pt>
File: sdl2window_8h__dep__incl.pdf Graphic file (type pdf)

<use sdl2window_8h__dep__incl.pdf>
Package pdftex.def Info: sdl2window_8h__dep__incl.pdf used on input line 20.
(pdftex.def)             Requested size: 350.0pt x 115.38623pt.
) (./sdl3Dvideo_8h.tex
<sdl3Dvideo_8h__incl.pdf, id=1629, 229.85875pt x 168.63pt>
File: sdl3Dvideo_8h__incl.pdf Graphic file (type pdf)

<use sdl3Dvideo_8h__incl.pdf>
Package pdftex.def Info: sdl3Dvideo_8h__incl.pdf used on input line 11.
(pdftex.def)             Requested size: 229.0pt x 168.00946pt.

Underfull \vbox (badness 10000) has occurred while \output is active []

 [48 <./sdl2window_8h__incl.pdf> <./sdl2window_8h__dep__incl.pdf

pdfTeX warning: pdflatex (file ./sdl2window_8h__dep__incl.pdf): PDF inclusion: 
multiple pdfs with page group included in a single page
>] <sdl3Dvideo_8h__dep__incl.pdf, id=1647, 386.44376pt x 248.93pt>
File: sdl3Dvideo_8h__dep__incl.pdf Graphic file (type pdf)

<use sdl3Dvideo_8h__dep__incl.pdf>
Package pdftex.def Info: sdl3Dvideo_8h__dep__incl.pdf used on input line 19.
(pdftex.def)             Requested size: 350.0pt x 225.4555pt.
) (./sdlglgame_8h.tex
<sdlglgame_8h__incl.pdf, id=1650, 489.83pt x 281.05pt>
File: sdlglgame_8h__incl.pdf Graphic file (type pdf)

<use sdlglgame_8h__incl.pdf>
Package pdftex.def Info: sdlglgame_8h__incl.pdf used on input line 15.
(pdftex.def)             Requested size: 350.0pt x 200.82484pt.
 [49 <./sdl3Dvideo_8h__incl.pdf> <./sdl3Dvideo_8h__dep__incl.pdf

pdfTeX warning: pdflatex (file ./sdl3Dvideo_8h__dep__incl.pdf): PDF inclusion: 
multiple pdfs with page group included in a single page
>] <sdlglgame_8h__dep__incl.pdf, id=1670, 224.84pt x 180.675pt>
File: sdlglgame_8h__dep__incl.pdf Graphic file (type pdf)

<use sdlglgame_8h__dep__incl.pdf>
Package pdftex.def Info: sdlglgame_8h__dep__incl.pdf used on input line 23.
(pdftex.def)             Requested size: 224.0pt x 180.00737pt.
) (./texture_8h.tex
<texture_8h__dep__incl.pdf, id=1673, 584.1825pt x 317.185pt>
File: texture_8h__dep__incl.pdf Graphic file (type pdf)

<use texture_8h__dep__incl.pdf>
Package pdftex.def Info: texture_8h__dep__incl.pdf used on input line 9.
(pdftex.def)             Requested size: 350.0pt x 190.04141pt.
 [50 <./sdlglgame_8h__incl.pdf> <./sdlglgame_8h__dep__incl.pdf

pdfTeX warning: pdflatex (file ./sdlglgame_8h__dep__incl.pdf): PDF inclusion: m
ultiple pdfs with page group included in a single page
>]) (./video_8h.tex <video_8h__dep__incl.pdf, id=1693, 712.6625pt x 317.185pt>
File: video_8h__dep__incl.pdf Graphic file (type pdf)

<use video_8h__dep__incl.pdf>
Package pdftex.def Info: video_8h__dep__incl.pdf used on input line 9.
(pdftex.def)             Requested size: 350.0pt x 155.7753pt.
 [51 <./texture_8h__dep__incl.pdf> <./video_8h__dep__incl.pdf

pdfTeX warning: pdflatex (file ./video_8h__dep__incl.pdf): PDF inclusion: multi
ple pdfs with page group included in a single page
>]) (./window_8h.tex
<window_8h__dep__incl.pdf, id=1714, 861.2175pt x 248.93pt>
File: window_8h__dep__incl.pdf Graphic file (type pdf)

<use window_8h__dep__incl.pdf>
Package pdftex.def Info: window_8h__dep__incl.pdf used on input line 9.
(pdftex.def)             Requested size: 350.0pt x 101.16554pt.
) (./game_8cpp.tex
<game_8cpp__incl.pdf, id=1717, 201.75375pt x 168.63pt>
File: game_8cpp__incl.pdf Graphic file (type pdf)

<use game_8cpp__incl.pdf>
Package pdftex.def Info: game_8cpp__incl.pdf used on input line 11.
(pdftex.def)             Requested size: 201.0pt x 168.00174pt.
) (./libgl_8cpp.tex
<libgl_8cpp__incl.pdf, id=1719, 412.54124pt x 281.05pt>
File: libgl_8cpp__incl.pdf Graphic file (type pdf)

<use libgl_8cpp__incl.pdf>
Package pdftex.def Info: libgl_8cpp__incl.pdf used on input line 14.
(pdftex.def)             Requested size: 350.0pt x 238.44762pt.
 [52 <./window_8h__dep__incl.pdf> <./game_8cpp__incl.pdf

pdfTeX warning: pdflatex (file ./game_8cpp__incl.pdf): PDF inclusion: multiple 
pdfs with page group included in a single page
>]) (./sdl2_8cpp.tex <sdl2_8cpp__incl.pdf, id=1740, 537.00626pt x 281.05pt>
File: sdl2_8cpp__incl.pdf Graphic file (type pdf)

<use sdl2_8cpp__incl.pdf>
Package pdftex.def Info: sdl2_8cpp__incl.pdf used on input line 14.
(pdftex.def)             Requested size: 350.0pt x 183.17778pt.

Underfull \vbox (badness 10000) has occurred while \output is active []

 [53 <./libgl_8cpp__incl.pdf>]) (./sdl2canvas_8cpp.tex
<sdl2canvas_8cpp__incl.pdf, id=1753, 396.48125pt x 224.84pt>
File: sdl2canvas_8cpp__incl.pdf Graphic file (type pdf)

<use sdl2canvas_8cpp__incl.pdf>
Package pdftex.def Info: sdl2canvas_8cpp__incl.pdf used on input line 12.
(pdftex.def)             Requested size: 350.0pt x 198.4842pt.
) (./sdl2Dvideo_8cpp.tex
<sdl2Dvideo_8cpp__incl.pdf, id=1755, 369.38pt x 224.84pt>
File: sdl2Dvideo_8cpp__incl.pdf Graphic file (type pdf)

<use sdl2Dvideo_8cpp__incl.pdf>
Package pdftex.def Info: sdl2Dvideo_8cpp__incl.pdf used on input line 12.
(pdftex.def)             Requested size: 350.0pt x 213.04442pt.
 [54 <./sdl2_8cpp__incl.pdf> <./sdl2canvas_8cpp__incl.pdf

pdfTeX warning: pdflatex (file ./sdl2canvas_8cpp__incl.pdf): PDF inclusion: mul
tiple pdfs with page group included in a single page
>]) (./sdl2game_8cpp.tex
<sdl2game_8cpp__incl.pdf, id=1775, 618.31pt x 337.26pt>
File: sdl2game_8cpp__incl.pdf Graphic file (type pdf)

<use sdl2game_8cpp__incl.pdf>
Package pdftex.def Info: sdl2game_8cpp__incl.pdf used on input line 13.
(pdftex.def)             Requested size: 350.0pt x 190.91248pt.
 [55 <./sdl2Dvideo_8cpp__incl.pdf> <./sdl2game_8cpp__incl.pdf

pdfTeX warning: pdflatex (file ./sdl2game_8cpp__incl.pdf): PDF inclusion: multi
ple pdfs with page group included in a single page
>]) (./sdl2texture_8cpp.tex
<sdl2texture_8cpp__incl.pdf, id=1794, 425.59pt x 224.84pt>
File: sdl2texture_8cpp__incl.pdf Graphic file (type pdf)

<use sdl2texture_8cpp__incl.pdf>
Package pdftex.def Info: sdl2texture_8cpp__incl.pdf used on input line 13.
(pdftex.def)             Requested size: 350.0pt x 184.91548pt.
) (./sdl2window_8cpp.tex
<sdl2window_8cpp__incl.pdf, id=1796, 306.14375pt x 224.84pt>
File: sdl2window_8cpp__incl.pdf Graphic file (type pdf)

<use sdl2window_8cpp__incl.pdf>
Package pdftex.def Info: sdl2window_8cpp__incl.pdf used on input line 12.
(pdftex.def)             Requested size: 305.0pt x 224.01262pt.

Underfull \vbox (badness 10000) has occurred while \output is active []

 [56 <./sdl2texture_8cpp__incl.pdf>]) (./sdl3Dvideo_8cpp.tex
<sdl3Dvideo_8cpp__incl.pdf, id=1810, 369.38pt x 224.84pt>
File: sdl3Dvideo_8cpp__incl.pdf Graphic file (type pdf)

<use sdl3Dvideo_8cpp__incl.pdf>
Package pdftex.def Info: sdl3Dvideo_8cpp__incl.pdf used on input line 12.
(pdftex.def)             Requested size: 350.0pt x 213.04442pt.
 [57 <./sdl2window_8cpp__incl.pdf> <./sdl3Dvideo_8cpp__incl.pdf

pdfTeX warning: pdflatex (file ./sdl3Dvideo_8cpp__incl.pdf): PDF inclusion: mul
tiple pdfs with page group included in a single page
>]) (./sdlglgame_8cpp.tex
<sdlglgame_8cpp__incl.pdf, id=1828, 492.84125pt x 337.26pt>
File: sdlglgame_8cpp__incl.pdf Graphic file (type pdf)

<use sdlglgame_8cpp__incl.pdf>
Package pdftex.def Info: sdlglgame_8cpp__incl.pdf used on input line 12.
(pdftex.def)             Requested size: 350.0pt x 239.52316pt.
) [58 <./sdlglgame_8cpp__incl.pdf>] (./refman.ind
Underfull \hbox (badness 10000) in paragraph at lines 49--51
[]\T1/phv/m/n/10 /home/carla/git/ijengine--I-C-G-_--G-L/include/sdl2-Dvideo.-h,

 []


Underfull \hbox (badness 10000) in paragraph at lines 51--53
[]\T1/phv/m/n/10 /home/carla/git/ijengine--I-C-G-_--G-L/include/sdl2canvas.-h,
 []


Underfull \hbox (badness 10000) in paragraph at lines 53--55
[]\T1/phv/m/n/10 /home/carla/git/ijengine--I-C-G-_--G-L/include/sdl2game.-h,
 []


Underfull \hbox (badness 10000) in paragraph at lines 55--57
[]\T1/phv/m/n/10 /home/carla/git/ijengine--I-C-G-_--G-L/include/sdl2texture.-h,

 []


Underfull \hbox (badness 10000) in paragraph at lines 57--59
[]\T1/phv/m/n/10 /home/carla/git/ijengine--I-C-G-_--G-L/include/sdl2window.-h,
 []


Underfull \hbox (badness 10000) in paragraph at lines 59--61
[]\T1/phv/m/n/10 /home/carla/git/ijengine--I-C-G-_--G-L/include/sdl3-Dvideo.-h,

 []


Underfull \hbox (badness 10000) in paragraph at lines 61--63
[]\T1/phv/m/n/10 /home/carla/git/ijengine--I-C-G-_--G-L/include/sdlglgame.-h,
 []


Underfull \hbox (badness 10000) in paragraph at lines 83--85
[]\T1/phv/m/n/10 /home/carla/git/ijengine--I-C-G-_--G-L/src/sdl2window.-cpp,
 []

[59

] [60])
Package atveryend Info: Empty hook `BeforeClearDocument' on input line 193.
Package atveryend Info: Empty hook `AfterLastShipout' on input line 193.
 (./refman.aux)
Package atveryend Info: Executing hook `AtVeryEndDocument' on input line 193.
Package atveryend Info: Executing hook `AtEndAfterFileList' on input line 193.
Package rerunfilecheck Info: File `refman.out' has not changed.
(rerunfilecheck)             Checksum: B1C4CABCEEB9EA922B7AC09E343C5088;26997.


LaTeX Font Warning: Some font shapes were not available, defaults substituted.

Package atveryend Info: Empty hook `AtVeryVeryEnd' on input line 193.
 ) 
Here is how much of TeX's memory you used:
 13105 strings out of 493304
 194819 string characters out of 6139871
 262385 words of memory out of 5000000
 15863 multiletter control sequences out of 15000+600000
 61305 words of font info for 77 fonts, out of 8000000 for 9000
 957 hyphenation exceptions out of 8191
 48i,13n,43p,444b,414s stack positions out of 5000i,500n,10000p,200000b,80000s
{/usr/share/texlive/texmf-dist/fonts/enc/dvips/base/8r.enc}</usr/share/texliv
e/texmf-dist/fonts/type1/public/amsfonts/cm/cmmi10.pfb></usr/share/texlive/texm
f-dist/fonts/type1/public/amsfonts/cm/cmsy10.pfb></usr/share/texlive/texmf-dist
/fonts/type1/urw/courier/ucrr8a.pfb></usr/share/texlive/texmf-dist/fonts/type1/
urw/helvetic/uhvb8a.pfb></usr/share/texlive/texmf-dist/fonts/type1/urw/helvetic
/uhvb8ac.pfb></usr/share/texlive/texmf-dist/fonts/type1/urw/helvetic/uhvbo8ac.p
fb></usr/share/texlive/texmf-dist/fonts/type1/urw/helvetic/uhvr8a.pfb>
Output written on refman.pdf (66 pages, 308515 bytes).
PDF statistics:
 2100 PDF objects out of 2487 (max. 8388607)
 1870 compressed objects within 19 object streams
 347 named destinations out of 1000 (max. 500000)
 1413 words of extra memory for PDF output out of 10000 (max. 10000000)

