\BOOKMARK [0][-]{chapter.1}{\376\377\000N\000a\000m\000e\000s\000p\000a\000c\000e\000\040\000I\000n\000d\000e\000x}{}% 1
\BOOKMARK [1][-]{section.1.1}{\376\377\000N\000a\000m\000e\000s\000p\000a\000c\000e\000\040\000L\000i\000s\000t}{chapter.1}% 2
\BOOKMARK [0][-]{chapter.2}{\376\377\000H\000i\000e\000r\000a\000r\000c\000h\000i\000c\000a\000l\000\040\000I\000n\000d\000e\000x}{}% 3
\BOOKMARK [1][-]{section.2.1}{\376\377\000C\000l\000a\000s\000s\000\040\000H\000i\000e\000r\000a\000r\000c\000h\000y}{chapter.2}% 4
\BOOKMARK [0][-]{chapter.3}{\376\377\000C\000l\000a\000s\000s\000\040\000I\000n\000d\000e\000x}{}% 5
\BOOKMARK [1][-]{section.3.1}{\376\377\000C\000l\000a\000s\000s\000\040\000L\000i\000s\000t}{chapter.3}% 6
\BOOKMARK [0][-]{chapter.4}{\376\377\000F\000i\000l\000e\000\040\000I\000n\000d\000e\000x}{}% 7
\BOOKMARK [1][-]{section.4.1}{\376\377\000F\000i\000l\000e\000\040\000L\000i\000s\000t}{chapter.4}% 8
\BOOKMARK [0][-]{chapter.5}{\376\377\000N\000a\000m\000e\000s\000p\000a\000c\000e\000\040\000D\000o\000c\000u\000m\000e\000n\000t\000a\000t\000i\000o\000n}{}% 9
\BOOKMARK [1][-]{section.5.1}{\376\377\000i\000j\000e\000n\000g\000i\000n\000e\000\040\000N\000a\000m\000e\000s\000p\000a\000c\000e\000\040\000R\000e\000f\000e\000r\000e\000n\000c\000e}{chapter.5}% 10
\BOOKMARK [0][-]{chapter.6}{\376\377\000C\000l\000a\000s\000s\000\040\000D\000o\000c\000u\000m\000e\000n\000t\000a\000t\000i\000o\000n}{}% 11
\BOOKMARK [1][-]{section.6.1}{\376\377\000i\000j\000e\000n\000g\000i\000n\000e\000:\000:\000C\000a\000n\000v\000a\000s\000\040\000C\000l\000a\000s\000s\000\040\000R\000e\000f\000e\000r\000e\000n\000c\000e}{chapter.6}% 12
\BOOKMARK [2][-]{subsection.6.1.1}{\376\377\000C\000o\000n\000s\000t\000r\000u\000c\000t\000o\000r\000\040\000\046\000\040\000D\000e\000s\000t\000r\000u\000c\000t\000o\000r\000\040\000D\000o\000c\000u\000m\000e\000n\000t\000a\000t\000i\000o\000n}{section.6.1}% 13
\BOOKMARK [3][-]{subsubsection.6.1.1.1}{\376\377\000C\000a\000n\000v\000a\000s}{subsection.6.1.1}% 14
\BOOKMARK [2][-]{subsection.6.1.2}{\376\377\000M\000e\000m\000b\000e\000r\000\040\000F\000u\000n\000c\000t\000i\000o\000n\000\040\000D\000o\000c\000u\000m\000e\000n\000t\000a\000t\000i\000o\000n}{section.6.1}% 15
\BOOKMARK [3][-]{subsubsection.6.1.2.1}{\376\377\000d\000r\000a\000w}{subsection.6.1.2}% 16
\BOOKMARK [3][-]{subsubsection.6.1.2.2}{\376\377\000u\000p\000d\000a\000t\000e}{subsection.6.1.2}% 17
\BOOKMARK [1][-]{section.6.2}{\376\377\000i\000j\000e\000n\000g\000i\000n\000e\000:\000:\000G\000a\000m\000e\000\040\000C\000l\000a\000s\000s\000\040\000R\000e\000f\000e\000r\000e\000n\000c\000e}{chapter.6}% 18
\BOOKMARK [2][-]{subsection.6.2.1}{\376\377\000C\000o\000n\000s\000t\000r\000u\000c\000t\000o\000r\000\040\000\046\000\040\000D\000e\000s\000t\000r\000u\000c\000t\000o\000r\000\040\000D\000o\000c\000u\000m\000e\000n\000t\000a\000t\000i\000o\000n}{section.6.2}% 19
\BOOKMARK [3][-]{subsubsection.6.2.1.1}{\376\377\000G\000a\000m\000e}{subsection.6.2.1}% 20
\BOOKMARK [3][-]{subsubsection.6.2.1.2}{\376\377\000G\000a\000m\000e}{subsection.6.2.1}% 21
\BOOKMARK [2][-]{subsection.6.2.2}{\376\377\000M\000e\000m\000b\000e\000r\000\040\000F\000u\000n\000c\000t\000i\000o\000n\000\040\000D\000o\000c\000u\000m\000e\000n\000t\000a\000t\000i\000o\000n}{section.6.2}% 22
\BOOKMARK [3][-]{subsubsection.6.2.2.1}{\376\377\000r\000u\000n}{subsection.6.2.2}% 23
\BOOKMARK [1][-]{section.6.3}{\376\377\000i\000j\000e\000n\000g\000i\000n\000e\000:\000:\000L\000i\000b\000\040\000C\000l\000a\000s\000s\000\040\000R\000e\000f\000e\000r\000e\000n\000c\000e}{chapter.6}% 24
\BOOKMARK [2][-]{subsection.6.3.1}{\376\377\000C\000o\000n\000s\000t\000r\000u\000c\000t\000o\000r\000\040\000\046\000\040\000D\000e\000s\000t\000r\000u\000c\000t\000o\000r\000\040\000D\000o\000c\000u\000m\000e\000n\000t\000a\000t\000i\000o\000n}{section.6.3}% 25
\BOOKMARK [3][-]{subsubsection.6.3.1.1}{\376\377\000L\000i\000b}{subsection.6.3.1}% 26
\BOOKMARK [2][-]{subsection.6.3.2}{\376\377\000M\000e\000m\000b\000e\000r\000\040\000F\000u\000n\000c\000t\000i\000o\000n\000\040\000D\000o\000c\000u\000m\000e\000n\000t\000a\000t\000i\000o\000n}{section.6.3}% 27
\BOOKMARK [3][-]{subsubsection.6.3.2.1}{\376\377\000c\000o\000n\000f\000i\000g}{subsection.6.3.2}% 28
\BOOKMARK [3][-]{subsubsection.6.3.2.2}{\376\377\000i\000n\000i\000t}{subsection.6.3.2}% 29
\BOOKMARK [3][-]{subsubsection.6.3.2.3}{\376\377\000n\000a\000m\000e}{subsection.6.3.2}% 30
\BOOKMARK [3][-]{subsubsection.6.3.2.4}{\376\377\000v\000e\000r\000s\000i\000o\000n}{subsection.6.3.2}% 31
\BOOKMARK [1][-]{section.6.4}{\376\377\000i\000j\000e\000n\000g\000i\000n\000e\000:\000:\000L\000i\000b\000G\000L\000\040\000C\000l\000a\000s\000s\000\040\000R\000e\000f\000e\000r\000e\000n\000c\000e}{chapter.6}% 32
\BOOKMARK [2][-]{subsection.6.4.1}{\376\377\000C\000o\000n\000s\000t\000r\000u\000c\000t\000o\000r\000\040\000\046\000\040\000D\000e\000s\000t\000r\000u\000c\000t\000o\000r\000\040\000D\000o\000c\000u\000m\000e\000n\000t\000a\000t\000i\000o\000n}{section.6.4}% 33
\BOOKMARK [3][-]{subsubsection.6.4.1.1}{\376\377\000L\000i\000b\000G\000L}{subsection.6.4.1}% 34
\BOOKMARK [2][-]{subsection.6.4.2}{\376\377\000M\000e\000m\000b\000e\000r\000\040\000F\000u\000n\000c\000t\000i\000o\000n\000\040\000D\000o\000c\000u\000m\000e\000n\000t\000a\000t\000i\000o\000n}{section.6.4}% 35
\BOOKMARK [3][-]{subsubsection.6.4.2.1}{\376\377\000c\000o\000n\000f\000i\000g}{subsection.6.4.2}% 36
\BOOKMARK [3][-]{subsubsection.6.4.2.2}{\376\377\000i\000n\000i\000t}{subsection.6.4.2}% 37
\BOOKMARK [3][-]{subsubsection.6.4.2.3}{\376\377\000n\000a\000m\000e}{subsection.6.4.2}% 38
\BOOKMARK [3][-]{subsubsection.6.4.2.4}{\376\377\000v\000e\000r\000s\000i\000o\000n}{subsection.6.4.2}% 39
\BOOKMARK [1][-]{section.6.5}{\376\377\000i\000j\000e\000n\000g\000i\000n\000e\000:\000:\000L\000i\000b\000S\000D\000L\0002\000\040\000C\000l\000a\000s\000s\000\040\000R\000e\000f\000e\000r\000e\000n\000c\000e}{chapter.6}% 40
\BOOKMARK [2][-]{subsection.6.5.1}{\376\377\000C\000o\000n\000s\000t\000r\000u\000c\000t\000o\000r\000\040\000\046\000\040\000D\000e\000s\000t\000r\000u\000c\000t\000o\000r\000\040\000D\000o\000c\000u\000m\000e\000n\000t\000a\000t\000i\000o\000n}{section.6.5}% 41
\BOOKMARK [3][-]{subsubsection.6.5.1.1}{\376\377\000L\000i\000b\000S\000D\000L\0002}{subsection.6.5.1}% 42
\BOOKMARK [2][-]{subsection.6.5.2}{\376\377\000M\000e\000m\000b\000e\000r\000\040\000F\000u\000n\000c\000t\000i\000o\000n\000\040\000D\000o\000c\000u\000m\000e\000n\000t\000a\000t\000i\000o\000n}{section.6.5}% 43
\BOOKMARK [3][-]{subsubsection.6.5.2.1}{\376\377\000c\000o\000n\000f\000i\000g}{subsection.6.5.2}% 44
\BOOKMARK [3][-]{subsubsection.6.5.2.2}{\376\377\000i\000n\000i\000t}{subsection.6.5.2}% 45
\BOOKMARK [3][-]{subsubsection.6.5.2.3}{\376\377\000n\000a\000m\000e}{subsection.6.5.2}% 46
\BOOKMARK [3][-]{subsubsection.6.5.2.4}{\376\377\000v\000e\000r\000s\000i\000o\000n}{subsection.6.5.2}% 47
\BOOKMARK [1][-]{section.6.6}{\376\377\000i\000j\000e\000n\000g\000i\000n\000e\000:\000:\000S\000D\000L\0002\000C\000a\000n\000v\000a\000s\000\040\000C\000l\000a\000s\000s\000\040\000R\000e\000f\000e\000r\000e\000n\000c\000e}{chapter.6}% 48
\BOOKMARK [2][-]{subsection.6.6.1}{\376\377\000C\000o\000n\000s\000t\000r\000u\000c\000t\000o\000r\000\040\000\046\000\040\000D\000e\000s\000t\000r\000u\000c\000t\000o\000r\000\040\000D\000o\000c\000u\000m\000e\000n\000t\000a\000t\000i\000o\000n}{section.6.6}% 49
\BOOKMARK [3][-]{subsubsection.6.6.1.1}{\376\377\000S\000D\000L\0002\000C\000a\000n\000v\000a\000s}{subsection.6.6.1}% 50
\BOOKMARK [2][-]{subsection.6.6.2}{\376\377\000M\000e\000m\000b\000e\000r\000\040\000F\000u\000n\000c\000t\000i\000o\000n\000\040\000D\000o\000c\000u\000m\000e\000n\000t\000a\000t\000i\000o\000n}{section.6.6}% 51
\BOOKMARK [3][-]{subsubsection.6.6.2.1}{\376\377\000d\000r\000a\000w}{subsection.6.6.2}% 52
\BOOKMARK [3][-]{subsubsection.6.6.2.2}{\376\377\000r\000e\000n\000d\000e\000r\000e\000r}{subsection.6.6.2}% 53
\BOOKMARK [3][-]{subsubsection.6.6.2.3}{\376\377\000u\000p\000d\000a\000t\000e}{subsection.6.6.2}% 54
\BOOKMARK [1][-]{section.6.7}{\376\377\000i\000j\000e\000n\000g\000i\000n\000e\000:\000:\000S\000D\000L\0002\000D\000V\000i\000d\000e\000o\000\040\000C\000l\000a\000s\000s\000\040\000R\000e\000f\000e\000r\000e\000n\000c\000e}{chapter.6}% 55
\BOOKMARK [2][-]{subsection.6.7.1}{\376\377\000C\000o\000n\000s\000t\000r\000u\000c\000t\000o\000r\000\040\000\046\000\040\000D\000e\000s\000t\000r\000u\000c\000t\000o\000r\000\040\000D\000o\000c\000u\000m\000e\000n\000t\000a\000t\000i\000o\000n}{section.6.7}% 56
\BOOKMARK [3][-]{subsubsection.6.7.1.1}{\376\377\000S\000D\000L\0002\000D\000V\000i\000d\000e\000o}{subsection.6.7.1}% 57
\BOOKMARK [3][-]{subsubsection.6.7.1.2}{\376\377\000S\000D\000L\0002\000D\000V\000i\000d\000e\000o}{subsection.6.7.1}% 58
\BOOKMARK [2][-]{subsection.6.7.2}{\376\377\000M\000e\000m\000b\000e\000r\000\040\000F\000u\000n\000c\000t\000i\000o\000n\000\040\000D\000o\000c\000u\000m\000e\000n\000t\000a\000t\000i\000o\000n}{section.6.7}% 59
\BOOKMARK [3][-]{subsubsection.6.7.2.1}{\376\377\000c\000r\000e\000a\000t\000e\000\137\000w\000i\000n\000d\000o\000w}{subsection.6.7.2}% 60
\BOOKMARK [1][-]{section.6.8}{\376\377\000i\000j\000e\000n\000g\000i\000n\000e\000:\000:\000S\000D\000L\0002\000G\000a\000m\000e\000\040\000C\000l\000a\000s\000s\000\040\000R\000e\000f\000e\000r\000e\000n\000c\000e}{chapter.6}% 61
\BOOKMARK [2][-]{subsection.6.8.1}{\376\377\000C\000o\000n\000s\000t\000r\000u\000c\000t\000o\000r\000\040\000\046\000\040\000D\000e\000s\000t\000r\000u\000c\000t\000o\000r\000\040\000D\000o\000c\000u\000m\000e\000n\000t\000a\000t\000i\000o\000n}{section.6.8}% 62
\BOOKMARK [3][-]{subsubsection.6.8.1.1}{\376\377\000S\000D\000L\0002\000G\000a\000m\000e}{subsection.6.8.1}% 63
\BOOKMARK [1][-]{section.6.9}{\376\377\000i\000j\000e\000n\000g\000i\000n\000e\000:\000:\000S\000D\000L\0002\000T\000e\000x\000t\000u\000r\000e\000\040\000C\000l\000a\000s\000s\000\040\000R\000e\000f\000e\000r\000e\000n\000c\000e}{chapter.6}% 64
\BOOKMARK [2][-]{subsection.6.9.1}{\376\377\000C\000o\000n\000s\000t\000r\000u\000c\000t\000o\000r\000\040\000\046\000\040\000D\000e\000s\000t\000r\000u\000c\000t\000o\000r\000\040\000D\000o\000c\000u\000m\000e\000n\000t\000a\000t\000i\000o\000n}{section.6.9}% 65
\BOOKMARK [3][-]{subsubsection.6.9.1.1}{\376\377\000S\000D\000L\0002\000T\000e\000x\000t\000u\000r\000e}{subsection.6.9.1}% 66
\BOOKMARK [3][-]{subsubsection.6.9.1.2}{\376\377\000S\000D\000L\0002\000T\000e\000x\000t\000u\000r\000e}{subsection.6.9.1}% 67
\BOOKMARK [2][-]{subsection.6.9.2}{\376\377\000M\000e\000m\000b\000e\000r\000\040\000F\000u\000n\000c\000t\000i\000o\000n\000\040\000D\000o\000c\000u\000m\000e\000n\000t\000a\000t\000i\000o\000n}{section.6.9}% 68
\BOOKMARK [3][-]{subsubsection.6.9.2.1}{\376\377\000h}{subsection.6.9.2}% 69
\BOOKMARK [3][-]{subsubsection.6.9.2.2}{\376\377\000l\000o\000a\000d\000\137\000t\000e\000x\000t\000u\000r\000e\000\137\000f\000r\000o\000m\000\137\000p\000a\000t\000h}{subsection.6.9.2}% 70
\BOOKMARK [3][-]{subsubsection.6.9.2.3}{\376\377\000t\000e\000x\000t\000u\000r\000e}{subsection.6.9.2}% 71
\BOOKMARK [3][-]{subsubsection.6.9.2.4}{\376\377\000w}{subsection.6.9.2}% 72
\BOOKMARK [1][-]{section.6.10}{\376\377\000i\000j\000e\000n\000g\000i\000n\000e\000:\000:\000S\000D\000L\0002\000W\000i\000n\000d\000o\000w\000\040\000C\000l\000a\000s\000s\000\040\000R\000e\000f\000e\000r\000e\000n\000c\000e}{chapter.6}% 73
\BOOKMARK [2][-]{subsection.6.10.1}{\376\377\000C\000o\000n\000s\000t\000r\000u\000c\000t\000o\000r\000\040\000\046\000\040\000D\000e\000s\000t\000r\000u\000c\000t\000o\000r\000\040\000D\000o\000c\000u\000m\000e\000n\000t\000a\000t\000i\000o\000n}{section.6.10}% 74
\BOOKMARK [3][-]{subsubsection.6.10.1.1}{\376\377\000S\000D\000L\0002\000W\000i\000n\000d\000o\000w}{subsection.6.10.1}% 75
\BOOKMARK [3][-]{subsubsection.6.10.1.2}{\376\377\000S\000D\000L\0002\000W\000i\000n\000d\000o\000w}{subsection.6.10.1}% 76
\BOOKMARK [2][-]{subsection.6.10.2}{\376\377\000M\000e\000m\000b\000e\000r\000\040\000F\000u\000n\000c\000t\000i\000o\000n\000\040\000D\000o\000c\000u\000m\000e\000n\000t\000a\000t\000i\000o\000n}{section.6.10}% 77
\BOOKMARK [3][-]{subsubsection.6.10.2.1}{\376\377\000c\000a\000n\000v\000a\000s}{subsection.6.10.2}% 78
\BOOKMARK [3][-]{subsubsection.6.10.2.2}{\376\377\000h}{subsection.6.10.2}% 79
\BOOKMARK [3][-]{subsubsection.6.10.2.3}{\376\377\000w}{subsection.6.10.2}% 80
\BOOKMARK [1][-]{section.6.11}{\376\377\000i\000j\000e\000n\000g\000i\000n\000e\000:\000:\000S\000D\000L\0003\000D\000V\000i\000d\000e\000o\000\040\000C\000l\000a\000s\000s\000\040\000R\000e\000f\000e\000r\000e\000n\000c\000e}{chapter.6}% 81
\BOOKMARK [2][-]{subsection.6.11.1}{\376\377\000C\000o\000n\000s\000t\000r\000u\000c\000t\000o\000r\000\040\000\046\000\040\000D\000e\000s\000t\000r\000u\000c\000t\000o\000r\000\040\000D\000o\000c\000u\000m\000e\000n\000t\000a\000t\000i\000o\000n}{section.6.11}% 82
\BOOKMARK [3][-]{subsubsection.6.11.1.1}{\376\377\000S\000D\000L\0003\000D\000V\000i\000d\000e\000o}{subsection.6.11.1}% 83
\BOOKMARK [3][-]{subsubsection.6.11.1.2}{\376\377\000S\000D\000L\0003\000D\000V\000i\000d\000e\000o}{subsection.6.11.1}% 84
\BOOKMARK [2][-]{subsection.6.11.2}{\376\377\000M\000e\000m\000b\000e\000r\000\040\000F\000u\000n\000c\000t\000i\000o\000n\000\040\000D\000o\000c\000u\000m\000e\000n\000t\000a\000t\000i\000o\000n}{section.6.11}% 85
\BOOKMARK [3][-]{subsubsection.6.11.2.1}{\376\377\000c\000r\000e\000a\000t\000e\000\137\000w\000i\000n\000d\000o\000w}{subsection.6.11.2}% 86
\BOOKMARK [1][-]{section.6.12}{\376\377\000i\000j\000e\000n\000g\000i\000n\000e\000:\000:\000S\000D\000L\000G\000L\000G\000a\000m\000e\000\040\000C\000l\000a\000s\000s\000\040\000R\000e\000f\000e\000r\000e\000n\000c\000e}{chapter.6}% 87
\BOOKMARK [2][-]{subsection.6.12.1}{\376\377\000C\000o\000n\000s\000t\000r\000u\000c\000t\000o\000r\000\040\000\046\000\040\000D\000e\000s\000t\000r\000u\000c\000t\000o\000r\000\040\000D\000o\000c\000u\000m\000e\000n\000t\000a\000t\000i\000o\000n}{section.6.12}% 88
\BOOKMARK [3][-]{subsubsection.6.12.1.1}{\376\377\000S\000D\000L\000G\000L\000G\000a\000m\000e}{subsection.6.12.1}% 89
\BOOKMARK [1][-]{section.6.13}{\376\377\000i\000j\000e\000n\000g\000i\000n\000e\000:\000:\000T\000e\000x\000t\000u\000r\000e\000\040\000C\000l\000a\000s\000s\000\040\000R\000e\000f\000e\000r\000e\000n\000c\000e}{chapter.6}% 90
\BOOKMARK [2][-]{subsection.6.13.1}{\376\377\000C\000o\000n\000s\000t\000r\000u\000c\000t\000o\000r\000\040\000\046\000\040\000D\000e\000s\000t\000r\000u\000c\000t\000o\000r\000\040\000D\000o\000c\000u\000m\000e\000n\000t\000a\000t\000i\000o\000n}{section.6.13}% 91
\BOOKMARK [3][-]{subsubsection.6.13.1.1}{\376\377\000T\000e\000x\000t\000u\000r\000e}{subsection.6.13.1}% 92
\BOOKMARK [2][-]{subsection.6.13.2}{\376\377\000M\000e\000m\000b\000e\000r\000\040\000F\000u\000n\000c\000t\000i\000o\000n\000\040\000D\000o\000c\000u\000m\000e\000n\000t\000a\000t\000i\000o\000n}{section.6.13}% 93
\BOOKMARK [3][-]{subsubsection.6.13.2.1}{\376\377\000h}{subsection.6.13.2}% 94
\BOOKMARK [3][-]{subsubsection.6.13.2.2}{\376\377\000w}{subsection.6.13.2}% 95
\BOOKMARK [1][-]{section.6.14}{\376\377\000i\000j\000e\000n\000g\000i\000n\000e\000:\000:\000V\000i\000d\000e\000o\000\040\000C\000l\000a\000s\000s\000\040\000R\000e\000f\000e\000r\000e\000n\000c\000e}{chapter.6}% 96
\BOOKMARK [2][-]{subsection.6.14.1}{\376\377\000C\000o\000n\000s\000t\000r\000u\000c\000t\000o\000r\000\040\000\046\000\040\000D\000e\000s\000t\000r\000u\000c\000t\000o\000r\000\040\000D\000o\000c\000u\000m\000e\000n\000t\000a\000t\000i\000o\000n}{section.6.14}% 97
\BOOKMARK [3][-]{subsubsection.6.14.1.1}{\376\377\000V\000i\000d\000e\000o}{subsection.6.14.1}% 98
\BOOKMARK [2][-]{subsection.6.14.2}{\376\377\000M\000e\000m\000b\000e\000r\000\040\000F\000u\000n\000c\000t\000i\000o\000n\000\040\000D\000o\000c\000u\000m\000e\000n\000t\000a\000t\000i\000o\000n}{section.6.14}% 99
\BOOKMARK [3][-]{subsubsection.6.14.2.1}{\376\377\000c\000r\000e\000a\000t\000e\000\137\000w\000i\000n\000d\000o\000w}{subsection.6.14.2}% 100
\BOOKMARK [1][-]{section.6.15}{\376\377\000i\000j\000e\000n\000g\000i\000n\000e\000:\000:\000W\000i\000n\000d\000o\000w\000\040\000C\000l\000a\000s\000s\000\040\000R\000e\000f\000e\000r\000e\000n\000c\000e}{chapter.6}% 101
\BOOKMARK [2][-]{subsection.6.15.1}{\376\377\000C\000o\000n\000s\000t\000r\000u\000c\000t\000o\000r\000\040\000\046\000\040\000D\000e\000s\000t\000r\000u\000c\000t\000o\000r\000\040\000D\000o\000c\000u\000m\000e\000n\000t\000a\000t\000i\000o\000n}{section.6.15}% 102
\BOOKMARK [3][-]{subsubsection.6.15.1.1}{\376\377\000W\000i\000n\000d\000o\000w}{subsection.6.15.1}% 103
\BOOKMARK [2][-]{subsection.6.15.2}{\376\377\000M\000e\000m\000b\000e\000r\000\040\000F\000u\000n\000c\000t\000i\000o\000n\000\040\000D\000o\000c\000u\000m\000e\000n\000t\000a\000t\000i\000o\000n}{section.6.15}% 104
\BOOKMARK [3][-]{subsubsection.6.15.2.1}{\376\377\000c\000a\000n\000v\000a\000s}{subsection.6.15.2}% 105
\BOOKMARK [3][-]{subsubsection.6.15.2.2}{\376\377\000h}{subsection.6.15.2}% 106
\BOOKMARK [3][-]{subsubsection.6.15.2.3}{\376\377\000w}{subsection.6.15.2}% 107
\BOOKMARK [0][-]{chapter.7}{\376\377\000F\000i\000l\000e\000\040\000D\000o\000c\000u\000m\000e\000n\000t\000a\000t\000i\000o\000n}{}% 108
\BOOKMARK [1][-]{section.7.1}{\376\377\000/\000h\000o\000m\000e\000/\000c\000a\000r\000l\000a\000/\000g\000i\000t\000/\000i\000j\000e\000n\000g\000i\000n\000e\000-\000I\000C\000G\000\137\000G\000L\000/\000i\000n\000c\000l\000u\000d\000e\000/\000c\000a\000n\000v\000a\000s\000.\000h\000\040\000F\000i\000l\000e\000\040\000R\000e\000f\000e\000r\000e\000n\000c\000e}{chapter.7}% 109
\BOOKMARK [1][-]{section.7.2}{\376\377\000/\000h\000o\000m\000e\000/\000c\000a\000r\000l\000a\000/\000g\000i\000t\000/\000i\000j\000e\000n\000g\000i\000n\000e\000-\000I\000C\000G\000\137\000G\000L\000/\000i\000n\000c\000l\000u\000d\000e\000/\000g\000a\000m\000e\000.\000h\000\040\000F\000i\000l\000e\000\040\000R\000e\000f\000e\000r\000e\000n\000c\000e}{chapter.7}% 110
\BOOKMARK [1][-]{section.7.3}{\376\377\000/\000h\000o\000m\000e\000/\000c\000a\000r\000l\000a\000/\000g\000i\000t\000/\000i\000j\000e\000n\000g\000i\000n\000e\000-\000I\000C\000G\000\137\000G\000L\000/\000i\000n\000c\000l\000u\000d\000e\000/\000l\000i\000b\000g\000l\000.\000h\000\040\000F\000i\000l\000e\000\040\000R\000e\000f\000e\000r\000e\000n\000c\000e}{chapter.7}% 111
\BOOKMARK [1][-]{section.7.4}{\376\377\000/\000h\000o\000m\000e\000/\000c\000a\000r\000l\000a\000/\000g\000i\000t\000/\000i\000j\000e\000n\000g\000i\000n\000e\000-\000I\000C\000G\000\137\000G\000L\000/\000i\000n\000c\000l\000u\000d\000e\000/\000l\000i\000b\000s\000.\000h\000\040\000F\000i\000l\000e\000\040\000R\000e\000f\000e\000r\000e\000n\000c\000e}{chapter.7}% 112
\BOOKMARK [1][-]{section.7.5}{\376\377\000/\000h\000o\000m\000e\000/\000c\000a\000r\000l\000a\000/\000g\000i\000t\000/\000i\000j\000e\000n\000g\000i\000n\000e\000-\000I\000C\000G\000\137\000G\000L\000/\000i\000n\000c\000l\000u\000d\000e\000/\000s\000d\000l\0002\000.\000h\000\040\000F\000i\000l\000e\000\040\000R\000e\000f\000e\000r\000e\000n\000c\000e}{chapter.7}% 113
\BOOKMARK [1][-]{section.7.6}{\376\377\000/\000h\000o\000m\000e\000/\000c\000a\000r\000l\000a\000/\000g\000i\000t\000/\000i\000j\000e\000n\000g\000i\000n\000e\000-\000I\000C\000G\000\137\000G\000L\000/\000i\000n\000c\000l\000u\000d\000e\000/\000s\000d\000l\0002\000c\000a\000n\000v\000a\000s\000.\000h\000\040\000F\000i\000l\000e\000\040\000R\000e\000f\000e\000r\000e\000n\000c\000e}{chapter.7}% 114
\BOOKMARK [1][-]{section.7.7}{\376\377\000/\000h\000o\000m\000e\000/\000c\000a\000r\000l\000a\000/\000g\000i\000t\000/\000i\000j\000e\000n\000g\000i\000n\000e\000-\000I\000C\000G\000\137\000G\000L\000/\000i\000n\000c\000l\000u\000d\000e\000/\000s\000d\000l\0002\000D\000v\000i\000d\000e\000o\000.\000h\000\040\000F\000i\000l\000e\000\040\000R\000e\000f\000e\000r\000e\000n\000c\000e}{chapter.7}% 115
\BOOKMARK [1][-]{section.7.8}{\376\377\000/\000h\000o\000m\000e\000/\000c\000a\000r\000l\000a\000/\000g\000i\000t\000/\000i\000j\000e\000n\000g\000i\000n\000e\000-\000I\000C\000G\000\137\000G\000L\000/\000i\000n\000c\000l\000u\000d\000e\000/\000s\000d\000l\0002\000g\000a\000m\000e\000.\000h\000\040\000F\000i\000l\000e\000\040\000R\000e\000f\000e\000r\000e\000n\000c\000e}{chapter.7}% 116
\BOOKMARK [1][-]{section.7.9}{\376\377\000/\000h\000o\000m\000e\000/\000c\000a\000r\000l\000a\000/\000g\000i\000t\000/\000i\000j\000e\000n\000g\000i\000n\000e\000-\000I\000C\000G\000\137\000G\000L\000/\000i\000n\000c\000l\000u\000d\000e\000/\000s\000d\000l\0002\000t\000e\000x\000t\000u\000r\000e\000.\000h\000\040\000F\000i\000l\000e\000\040\000R\000e\000f\000e\000r\000e\000n\000c\000e}{chapter.7}% 117
\BOOKMARK [1][-]{section.7.10}{\376\377\000/\000h\000o\000m\000e\000/\000c\000a\000r\000l\000a\000/\000g\000i\000t\000/\000i\000j\000e\000n\000g\000i\000n\000e\000-\000I\000C\000G\000\137\000G\000L\000/\000i\000n\000c\000l\000u\000d\000e\000/\000s\000d\000l\0002\000w\000i\000n\000d\000o\000w\000.\000h\000\040\000F\000i\000l\000e\000\040\000R\000e\000f\000e\000r\000e\000n\000c\000e}{chapter.7}% 118
\BOOKMARK [1][-]{section.7.11}{\376\377\000/\000h\000o\000m\000e\000/\000c\000a\000r\000l\000a\000/\000g\000i\000t\000/\000i\000j\000e\000n\000g\000i\000n\000e\000-\000I\000C\000G\000\137\000G\000L\000/\000i\000n\000c\000l\000u\000d\000e\000/\000s\000d\000l\0003\000D\000v\000i\000d\000e\000o\000.\000h\000\040\000F\000i\000l\000e\000\040\000R\000e\000f\000e\000r\000e\000n\000c\000e}{chapter.7}% 119
\BOOKMARK [1][-]{section.7.12}{\376\377\000/\000h\000o\000m\000e\000/\000c\000a\000r\000l\000a\000/\000g\000i\000t\000/\000i\000j\000e\000n\000g\000i\000n\000e\000-\000I\000C\000G\000\137\000G\000L\000/\000i\000n\000c\000l\000u\000d\000e\000/\000s\000d\000l\000g\000l\000g\000a\000m\000e\000.\000h\000\040\000F\000i\000l\000e\000\040\000R\000e\000f\000e\000r\000e\000n\000c\000e}{chapter.7}% 120
\BOOKMARK [1][-]{section.7.13}{\376\377\000/\000h\000o\000m\000e\000/\000c\000a\000r\000l\000a\000/\000g\000i\000t\000/\000i\000j\000e\000n\000g\000i\000n\000e\000-\000I\000C\000G\000\137\000G\000L\000/\000i\000n\000c\000l\000u\000d\000e\000/\000t\000e\000x\000t\000u\000r\000e\000.\000h\000\040\000F\000i\000l\000e\000\040\000R\000e\000f\000e\000r\000e\000n\000c\000e}{chapter.7}% 121
\BOOKMARK [1][-]{section.7.14}{\376\377\000/\000h\000o\000m\000e\000/\000c\000a\000r\000l\000a\000/\000g\000i\000t\000/\000i\000j\000e\000n\000g\000i\000n\000e\000-\000I\000C\000G\000\137\000G\000L\000/\000i\000n\000c\000l\000u\000d\000e\000/\000v\000i\000d\000e\000o\000.\000h\000\040\000F\000i\000l\000e\000\040\000R\000e\000f\000e\000r\000e\000n\000c\000e}{chapter.7}% 122
\BOOKMARK [1][-]{section.7.15}{\376\377\000/\000h\000o\000m\000e\000/\000c\000a\000r\000l\000a\000/\000g\000i\000t\000/\000i\000j\000e\000n\000g\000i\000n\000e\000-\000I\000C\000G\000\137\000G\000L\000/\000i\000n\000c\000l\000u\000d\000e\000/\000w\000i\000n\000d\000o\000w\000.\000h\000\040\000F\000i\000l\000e\000\040\000R\000e\000f\000e\000r\000e\000n\000c\000e}{chapter.7}% 123
\BOOKMARK [1][-]{section.7.16}{\376\377\000/\000h\000o\000m\000e\000/\000c\000a\000r\000l\000a\000/\000g\000i\000t\000/\000i\000j\000e\000n\000g\000i\000n\000e\000-\000I\000C\000G\000\137\000G\000L\000/\000s\000r\000c\000/\000g\000a\000m\000e\000.\000c\000p\000p\000\040\000F\000i\000l\000e\000\040\000R\000e\000f\000e\000r\000e\000n\000c\000e}{chapter.7}% 124
\BOOKMARK [1][-]{section.7.17}{\376\377\000/\000h\000o\000m\000e\000/\000c\000a\000r\000l\000a\000/\000g\000i\000t\000/\000i\000j\000e\000n\000g\000i\000n\000e\000-\000I\000C\000G\000\137\000G\000L\000/\000s\000r\000c\000/\000l\000i\000b\000g\000l\000.\000c\000p\000p\000\040\000F\000i\000l\000e\000\040\000R\000e\000f\000e\000r\000e\000n\000c\000e}{chapter.7}% 125
\BOOKMARK [1][-]{section.7.18}{\376\377\000/\000h\000o\000m\000e\000/\000c\000a\000r\000l\000a\000/\000g\000i\000t\000/\000i\000j\000e\000n\000g\000i\000n\000e\000-\000I\000C\000G\000\137\000G\000L\000/\000s\000r\000c\000/\000s\000d\000l\0002\000.\000c\000p\000p\000\040\000F\000i\000l\000e\000\040\000R\000e\000f\000e\000r\000e\000n\000c\000e}{chapter.7}% 126
\BOOKMARK [1][-]{section.7.19}{\376\377\000/\000h\000o\000m\000e\000/\000c\000a\000r\000l\000a\000/\000g\000i\000t\000/\000i\000j\000e\000n\000g\000i\000n\000e\000-\000I\000C\000G\000\137\000G\000L\000/\000s\000r\000c\000/\000s\000d\000l\0002\000c\000a\000n\000v\000a\000s\000.\000c\000p\000p\000\040\000F\000i\000l\000e\000\040\000R\000e\000f\000e\000r\000e\000n\000c\000e}{chapter.7}% 127
\BOOKMARK [1][-]{section.7.20}{\376\377\000/\000h\000o\000m\000e\000/\000c\000a\000r\000l\000a\000/\000g\000i\000t\000/\000i\000j\000e\000n\000g\000i\000n\000e\000-\000I\000C\000G\000\137\000G\000L\000/\000s\000r\000c\000/\000s\000d\000l\0002\000D\000v\000i\000d\000e\000o\000.\000c\000p\000p\000\040\000F\000i\000l\000e\000\040\000R\000e\000f\000e\000r\000e\000n\000c\000e}{chapter.7}% 128
\BOOKMARK [1][-]{section.7.21}{\376\377\000/\000h\000o\000m\000e\000/\000c\000a\000r\000l\000a\000/\000g\000i\000t\000/\000i\000j\000e\000n\000g\000i\000n\000e\000-\000I\000C\000G\000\137\000G\000L\000/\000s\000r\000c\000/\000s\000d\000l\0002\000g\000a\000m\000e\000.\000c\000p\000p\000\040\000F\000i\000l\000e\000\040\000R\000e\000f\000e\000r\000e\000n\000c\000e}{chapter.7}% 129
\BOOKMARK [1][-]{section.7.22}{\376\377\000/\000h\000o\000m\000e\000/\000c\000a\000r\000l\000a\000/\000g\000i\000t\000/\000i\000j\000e\000n\000g\000i\000n\000e\000-\000I\000C\000G\000\137\000G\000L\000/\000s\000r\000c\000/\000s\000d\000l\0002\000t\000e\000x\000t\000u\000r\000e\000.\000c\000p\000p\000\040\000F\000i\000l\000e\000\040\000R\000e\000f\000e\000r\000e\000n\000c\000e}{chapter.7}% 130
\BOOKMARK [1][-]{section.7.23}{\376\377\000/\000h\000o\000m\000e\000/\000c\000a\000r\000l\000a\000/\000g\000i\000t\000/\000i\000j\000e\000n\000g\000i\000n\000e\000-\000I\000C\000G\000\137\000G\000L\000/\000s\000r\000c\000/\000s\000d\000l\0002\000w\000i\000n\000d\000o\000w\000.\000c\000p\000p\000\040\000F\000i\000l\000e\000\040\000R\000e\000f\000e\000r\000e\000n\000c\000e}{chapter.7}% 131
\BOOKMARK [1][-]{section.7.24}{\376\377\000/\000h\000o\000m\000e\000/\000c\000a\000r\000l\000a\000/\000g\000i\000t\000/\000i\000j\000e\000n\000g\000i\000n\000e\000-\000I\000C\000G\000\137\000G\000L\000/\000s\000r\000c\000/\000s\000d\000l\0003\000D\000v\000i\000d\000e\000o\000.\000c\000p\000p\000\040\000F\000i\000l\000e\000\040\000R\000e\000f\000e\000r\000e\000n\000c\000e}{chapter.7}% 132
\BOOKMARK [1][-]{section.7.25}{\376\377\000/\000h\000o\000m\000e\000/\000c\000a\000r\000l\000a\000/\000g\000i\000t\000/\000i\000j\000e\000n\000g\000i\000n\000e\000-\000I\000C\000G\000\137\000G\000L\000/\000s\000r\000c\000/\000s\000d\000l\000g\000l\000g\000a\000m\000e\000.\000c\000p\000p\000\040\000F\000i\000l\000e\000\040\000R\000e\000f\000e\000r\000e\000n\000c\000e}{chapter.7}% 133
\BOOKMARK [0][-]{section*.59}{\376\377\000I\000n\000d\000e\000x}{}% 134
